#
# There is insufficient memory for the Java Runtime Environment to continue.
# Native memory allocation (mmap) failed to map 65011712 bytes for G1 virtual space
# Possible reasons:
#   The system is out of physical RAM or swap space
#   The process is running with CompressedOops enabled, and the Java Heap may be blocking the growth of the native heap
# Possible solutions:
#   Reduce memory load on the system
#   Increase physical memory or swap space
#   Check if swap backing store is full
#   Decrease Java heap size (-Xmx/-Xms)
#   Decrease number of Java threads
#   Decrease Java thread stack sizes (-Xss)
#   Set larger code cache with -XX:ReservedCodeCacheSize=
#   JVM is running with Unscaled Compressed Oops mode in which the Java heap is
#     placed in the first 4GB address space. The Java Heap base address is the
#     maximum limit for the native heap growth. Please use -XX:HeapBaseMinAddress
#     to set the Java Heap base and to place the Java Heap above 4GB virtual address.
# This output file may be truncated or incomplete.
#
#  Out of Memory Error (./open/src/hotspot/os/windows/os_windows.cpp:3321), pid=5640, tid=15620
#
# JRE version:  (15.0.2+7) (build )
# Java VM: Java HotSpot(TM) 64-Bit Server VM (15.0.2+7-27, mixed mode, sharing, tiered, compressed oops, g1 gc, windows-amd64)
# No core dump will be written. Minidumps are not enabled by default on client versions of Windows
#

---------------  S U M M A R Y ------------

Command Line: 

Host: Intel(R) Core(TM) i5-10300H CPU @ 2.50GHz, 8 cores, 3G,  Windows 10 , 64 bit Build 22621 (10.0.22621.1778)
Time: Sat Jun 24 10:43:58 2023 India Standard Time elapsed time: 0.162469 seconds (0d 0h 0m 0s)

---------------  T H R E A D  ---------------

Current thread (0x00000215853e4370):  JavaThread "Unknown thread" [_thread_in_vm, id=15620, stack(0x000000bc16500000,0x000000bc16600000)]

Stack: [0x000000bc16500000,0x000000bc16600000]
Native frames: (J=compiled Java code, j=interpreted, Vv=VM code, C=native code)
V  [jvm.dll+0x62ae9a]
V  [jvm.dll+0x7817a9]
V  [jvm.dll+0x782f03]
V  [jvm.dll+0x783563]
V  [jvm.dll+0x216325]
V  [jvm.dll+0x6281d9]
V  [jvm.dll+0x61cf55]
V  [jvm.dll+0x2cffdd]
V  [jvm.dll+0x2cfe42]
V  [jvm.dll+0x2d5e1c]
V  [jvm.dll+0x32590a]
V  [jvm.dll+0x324fd4]
V  [jvm.dll+0x2a6f5a]
V  [jvm.dll+0x2a80f8]
V  [jvm.dll+0x75e241]
V  [jvm.dll+0x3341c4]
V  [jvm.dll+0x73e926]
V  [jvm.dll+0x3b7557]
V  [jvm.dll+0x3b8fe1]
C  [jli.dll+0x52fb]
C  [ucrtbase.dll+0x29363]
C  [KERNEL32.DLL+0x126ad]
C  [ntdll.dll+0x5a9f8]


---------------  P R O C E S S  ---------------

Threads class SMR info:
_java_thread_list=0x00007ff8d34d4ff0, length=0, elements={
}

Java Threads: ( => current thread )

Other Threads:
  0x0000021585411390 GCTaskThread "GC Thread#0" [stack: 0x000000bc16600000,0x000000bc16700000] [id=20848]
  0x0000021585419ea0 ConcurrentGCThread "G1 Main Marker" [stack: 0x000000bc16700000,0x000000bc16800000] [id=21620]
  0x000002158541b940 ConcurrentGCThread "G1 Conc#0" [stack: 0x000000bc16800000,0x000000bc16900000] [id=14080]

[error occurred during error reporting (printing all threads), id 0xc0000005, EXCEPTION_ACCESS_VIOLATION (0xc0000005) at pc=0x00007ff8d2cc7e27]

VM state: not at safepoint (not fully initialized)

VM Mutex/Monitor currently owned by a thread:  ([mutex/lock_event])
[0x00000215853de0c0] Heap_lock - owner thread: 0x00000215853e4370

Heap address: 0x00000000c3200000, size: 974 MB, Compressed Oops mode: 32-bit
CDS archive(s) mapped at: [0x0000000000000000-0x0000000000000000-0x0000000000000000), size 0, SharedBaseAddress: 0x0000000800000000, ArchiveRelocationMode: 0.
Narrow klass base: 0x0000000000000000, Narrow klass shift: 0, Narrow klass range: 0x0

Heap:
 garbage-first heap   total 63488K, used 0K [0x00000000c3200000, 0x0000000100000000)
  region size 1024K, 0 young (0K), 0 survivors (0K)
 Metaspace       used 0K, capacity 0K, committed 0K, reserved 0K
  class space    used 0K, capacity 0K, committed 0K, reserved 0K

Heap Regions: E=young(eden), S=young(survivor), O=old, HS=humongous(starts), HC=humongous(continues), CS=collection set, F=free, OA=open archive, CA=closed archive, TAMS=top-at-mark-start (previous, next)

Card table byte_map: [0x000002159cb30000,0x000002159cd20000] _byte_map_base: 0x000002159c517000

Marking Bits (Prev, Next): (CMBitMap*) 0x0000021585411b80, (CMBitMap*) 0x0000021585411bc0
 Prev Bits: [0x000002159cf10000, 0x000002159de48000)
 Next Bits: [0x000002159de50000, 0x000002159ed88000)

GC Heap History (0 events):
No events

Deoptimization events (0 events):
No events

Classes unloaded (0 events):
No events

Classes redefined (0 events):
No events

Internal exceptions (0 events):
No events

Events (1 events):
Event: 0.018 Loaded shared library C:\Program Files\Java\jdk-15.0.2\bin\java.dll


Dynamic libraries:
0x00007ff7990c0000 - 0x00007ff7990cf000 	C:\Program Files\Java\jdk-15.0.2\bin\java.exe
0x00007ff976270000 - 0x00007ff976484000 	C:\WINDOWS\SYSTEM32\ntdll.dll
0x00007ff9757c0000 - 0x00007ff975882000 	C:\WINDOWS\System32\KERNEL32.DLL
0x00007ff973840000 - 0x00007ff973be3000 	C:\WINDOWS\System32\KERNELBASE.dll
0x00007ff973720000 - 0x00007ff973831000 	C:\WINDOWS\System32\ucrtbase.dll
0x00007ff95e390000 - 0x00007ff95e3a9000 	C:\Program Files\Java\jdk-15.0.2\bin\VCRUNTIME140.dll
0x00007ff96b870000 - 0x00007ff96b888000 	C:\Program Files\Java\jdk-15.0.2\bin\jli.dll
0x00007ff975710000 - 0x00007ff9757be000 	C:\WINDOWS\System32\ADVAPI32.dll
0x00007ff974510000 - 0x00007ff9745b7000 	C:\WINDOWS\System32\msvcrt.dll
0x00007ff974900000 - 0x00007ff9749a4000 	C:\WINDOWS\System32\sechost.dll
0x00007ff9743f0000 - 0x00007ff974507000 	C:\WINDOWS\System32\RPCRT4.dll
0x00007ff974240000 - 0x00007ff9743eb000 	C:\WINDOWS\System32\USER32.dll
0x00007ff9736f0000 - 0x00007ff973716000 	C:\WINDOWS\System32\win32u.dll
0x00007ff974210000 - 0x00007ff974239000 	C:\WINDOWS\System32\GDI32.dll
0x00007ff955c30000 - 0x00007ff955ebe000 	C:\WINDOWS\WinSxS\amd64_microsoft.windows.common-controls_6595b64144ccf1df_6.0.22621.1635_none_270f70857386168e\COMCTL32.dll
0x00007ff973f30000 - 0x00007ff974049000 	C:\WINDOWS\System32\gdi32full.dll
0x00007ff973d20000 - 0x00007ff973dba000 	C:\WINDOWS\System32\msvcp_win.dll
0x00007ff96bde0000 - 0x00007ff96bdea000 	C:\WINDOWS\SYSTEM32\VERSION.dll
0x00007ff975890000 - 0x00007ff9758c1000 	C:\WINDOWS\System32\IMM32.DLL
0x00007ff963e80000 - 0x00007ff963e8c000 	C:\Program Files\Java\jdk-15.0.2\bin\vcruntime140_1.dll
0x00007ff8e1840000 - 0x00007ff8e18d1000 	C:\Program Files\Java\jdk-15.0.2\bin\msvcp140.dll
0x00007ff8d2a10000 - 0x00007ff8d356e000 	C:\Program Files\Java\jdk-15.0.2\bin\server\jvm.dll
0x00007ff976000000 - 0x00007ff976008000 	C:\WINDOWS\System32\PSAPI.DLL
0x00007ff96ad00000 - 0x00007ff96ad34000 	C:\WINDOWS\SYSTEM32\WINMM.dll
0x00007ff9155f0000 - 0x00007ff9155f9000 	C:\WINDOWS\SYSTEM32\WSOCK32.dll
0x00007ff976160000 - 0x00007ff9761d1000 	C:\WINDOWS\System32\WS2_32.dll
0x00007ff9727b0000 - 0x00007ff9727c8000 	C:\WINDOWS\SYSTEM32\kernel.appcore.dll
0x00007ff95ec00000 - 0x00007ff95ec0a000 	C:\Program Files\Java\jdk-15.0.2\bin\jimage.dll
0x00007ff970f90000 - 0x00007ff9711be000 	C:\WINDOWS\SYSTEM32\DBGHELP.DLL
0x00007ff9758f0000 - 0x00007ff975c79000 	C:\WINDOWS\System32\combase.dll
0x00007ff974820000 - 0x00007ff9748f7000 	C:\WINDOWS\System32\OLEAUT32.dll
0x00007ff964b20000 - 0x00007ff964b52000 	C:\WINDOWS\SYSTEM32\dbgcore.DLL
0x00007ff973670000 - 0x00007ff9736eb000 	C:\WINDOWS\System32\bcryptPrimitives.dll
0x00007ff933970000 - 0x00007ff933995000 	C:\Program Files\Java\jdk-15.0.2\bin\java.dll

dbghelp: loaded successfully - version: 4.0.5 - missing functions: none
symbol engine: initialized successfully - sym options: 0x614 - pdb path: .;C:\Program Files\Java\jdk-15.0.2\bin;C:\WINDOWS\SYSTEM32;C:\WINDOWS\WinSxS\amd64_microsoft.windows.common-controls_6595b64144ccf1df_6.0.22621.1635_none_270f70857386168e;C:\Program Files\Java\jdk-15.0.2\bin\server

VM Arguments:
java_command: <unknown>
java_class_path (initial): <not set>
Launcher Type: SUN_STANDARD

[Global flags]
     intx CICompilerCount                          = 4                                         {product} {ergonomic}
     uint ConcGCThreads                            = 2                                         {product} {ergonomic}
     uint G1ConcRefinementThreads                  = 8                                         {product} {ergonomic}
   size_t G1HeapRegionSize                         = 1048576                                   {product} {ergonomic}
    uintx GCDrainStackTargetSize                   = 64                                        {product} {ergonomic}
   size_t InitialHeapSize                          = 65011712                                  {product} {ergonomic}
   size_t MarkStackSize                            = 4194304                                   {product} {ergonomic}
   size_t MaxHeapSize                              = 1021313024                                {product} {ergonomic}
   size_t MinHeapDeltaBytes                        = 1048576                                   {product} {ergonomic}
   size_t MinHeapSize                              = 8388608                                   {product} {ergonomic}
    uintx NonNMethodCodeHeapSize                   = 5839372                                {pd product} {ergonomic}
    uintx NonProfiledCodeHeapSize                  = 122909434                              {pd product} {ergonomic}
    uintx ProfiledCodeHeapSize                     = 122909434                              {pd product} {ergonomic}
    uintx ReservedCodeCacheSize                    = 251658240                              {pd product} {ergonomic}
     bool SegmentedCodeCache                       = true                                      {product} {ergonomic}
   size_t SoftMaxHeapSize                          = 1021313024                             {manageable} {ergonomic}
     bool UseCompressedClassPointers               = true                                 {lp64_product} {ergonomic}
     bool UseCompressedOops                        = true                                 {lp64_product} {ergonomic}
     bool UseG1GC                                  = true                                      {product} {ergonomic}
     bool UseLargePagesIndividualAllocation        = false                                  {pd product} {ergonomic}

Logging:
Log output configuration:
 #0: stdout all=warning uptime,level,tags
 #1: stderr all=off uptime,level,tags

Environment Variables:
PATH=D:\ExpenseTracker\ExpenseTrackerFrontend\android\node_modules\.bin;D:\ExpenseTracker\ExpenseTrackerFrontend\node_modules\.bin;D:\ExpenseTracker\node_modules\.bin;D:\node_modules\.bin;C:\Program Files\nodejs;D:\ExpenseTracker\ExpenseTrackerFrontend\node_modules\.bin;D:\ExpenseTracker\ExpenseTrackerFrontend\node_modules\.bin;D:\ExpenseTracker\node_modules\.bin;D:\node_modules\.bin;C:\Users\mayan\AppData\Roaming\nvm\v19.0.1\node_modules\npm\node_modules\@npmcli\run-script\lib\node-gyp-bin;D:\ExpenseTracker\ExpenseTrackerFrontend\node_modules\.bin;D:\ExpenseTracker\node_modules\.bin;D:\node_modules\.bin;C:\Program Files\nodejs;D:\ExpenseTracker\ExpenseTrackerFrontend\node_modules\.bin;D:\ExpenseTracker\ExpenseTrackerFrontend\node_modules\.bin;D:\ExpenseTracker\node_modules\.bin;D:\node_modules\.bin;C:\Users\mayan\AppData\Roaming\nvm\v19.0.1\node_modules\npm\node_modules\@npmcli\run-script\lib\node-gyp-bin;C:\Program Files\Common Files\Oracle\Java\javapath;C:\Windows\system32;C:\Windows;C:\Windows\System32\Wbem;C:\Windows\System32\WindowsPowerShell\v1.0\;C:\Windows\System32\OpenSSH\;C:\Program Files (x86)\NVIDIA Corporation\PhysX\Common;C:\Program Files\NVIDIA Corporation\NVIDIA NvDLISR;C:\MinGW\bin;C:\Program Files\Java\jdk-15.0.2\bin;C:\Program Files\Git\cmd;C:\Program Files\Java\jdk-9.0.1\bin;C:\WINDOWS\system32;C:\WINDOWS;C:\WINDOWS\System32\Wbem;C:\WINDOWS\System32\WindowsPowerShell\v1.0\;C:\WINDOWS\System32\OpenSSH\;C:\Program Files\dotnet\;C:\Users\mayan\AppData\Roaming\nvm;C:\Program Files\nodejs;C:\Users\mayan\AppData\Local\Programs\Python\Python39\Scripts\;C:\Users\mayan\AppData\Local\Programs\Python\Python39\;C:\Program Files\MySQL\MySQL Shell 8.0\bin\;C:\Users\mayan\AppData\Local\Microsoft\WindowsApps;C:\Users\mayan\AppData\Local\Programs\Microsoft VS Code\bin;C:\Users\mayan\AppData\Roaming\npm;C:\Program Files\heroku\bin;C:\Users\mayan\AppData\Local\Android\Sdk\platform-tools;C:\Users\mayan\AppData\Roaming\nvm;C:\Program Files\nodejs;
USERNAME=mayank
LANG=en_US.UTF-8
OS=Windows_NT
PROCESSOR_IDENTIFIER=Intel64 Family 6 Model 165 Stepping 2, GenuineIntel



---------------  S Y S T E M  ---------------

OS:
 Windows 10 , 64 bit Build 22621 (10.0.22621.1778)
OS uptime: 0 days 1:30 hours

CPU: total 8 (initial active 8) (4 cores per cpu, 2 threads per core) family 6 model 165 stepping 2 microcode 0xf4, cmov, cx8, fxsr, mmx, sse, sse2, sse3, ssse3, sse4.1, sse4.2, popcnt, vzeroupper, avx, avx2, aes, clmul, erms, 3dnowpref, lzcnt, ht, tsc, tscinvbit, bmi1, bmi2, adx, fma, clflush, clflushopt

Memory: 4k page, system-wide physical 3889M (218M free)
TotalPageFile size 15665M (AvailPageFile size 77M)
current process WorkingSet (physical memory assigned to process): 10M, peak: 10M
current process commit charge ("private bytes"): 60M, peak: 121M

vm_info: Java HotSpot(TM) 64-Bit Server VM (15.0.2+7-27) for windows-amd64 JRE (15.0.2+7-27), built on Dec  7 2020 20:07:01 by "mach5one" with unknown MS VC++:1925

END.
