#
# There is insufficient memory for the Java Runtime Environment to continue.
# Native memory allocation (malloc) failed to allocate 1722256 bytes for Chunk::new
# Possible reasons:
#   The system is out of physical RAM or swap space
#   The process is running with CompressedOops enabled, and the Java Heap may be blocking the growth of the native heap
# Possible solutions:
#   Reduce memory load on the system
#   Increase physical memory or swap space
#   Check if swap backing store is full
#   Decrease Java heap size (-Xmx/-Xms)
#   Decrease number of Java threads
#   Decrease Java thread stack sizes (-Xss)
#   Set larger code cache with -XX:ReservedCodeCacheSize=
#   JVM is running with Unscaled Compressed Oops mode in which the Java heap is
#     placed in the first 4GB address space. The Java Heap base address is the
#     maximum limit for the native heap growth. Please use -XX:HeapBaseMinAddress
#     to set the Java Heap base and to place the Java Heap above 4GB virtual address.
# This output file may be truncated or incomplete.
#
#  Out of Memory Error (./open/src/hotspot/share/memory/arena.cpp:195), pid=8112, tid=12516
#
# JRE version: Java(TM) SE Runtime Environment (15.0.2+7) (build 15.0.2+7-27)
# Java VM: Java HotSpot(TM) 64-Bit Server VM (15.0.2+7-27, mixed mode, sharing, tiered, compressed oops, g1 gc, windows-amd64)
# No core dump will be written. Minidumps are not enabled by default on client versions of Windows
#

---------------  S U M M A R Y ------------

Command Line: -XX:MaxMetaspaceSize=512m --add-opens=java.base/java.util=ALL-UNNAMED --add-opens=java.base/java.lang=ALL-UNNAMED --add-opens=java.base/java.lang.invoke=ALL-UNNAMED --add-opens=java.base/java.util=ALL-UNNAMED --add-opens=java.prefs/java.util.prefs=ALL-UNNAMED --add-opens=java.prefs/java.util.prefs=ALL-UNNAMED --add-opens=java.base/java.nio.charset=ALL-UNNAMED --add-opens=java.base/java.net=ALL-UNNAMED --add-opens=java.base/java.util.concurrent.atomic=ALL-UNNAMED -Xmx2048m -Dfile.encoding=windows-1252 -Duser.country=IN -Duser.language=en -Duser.variant org.gradle.launcher.daemon.bootstrap.GradleDaemon 7.5.1

Host: Intel(R) Core(TM) i5-10300H CPU @ 2.50GHz, 8 cores, 3G,  Windows 10 , 64 bit Build 22621 (10.0.22621.3672)
Time: Thu Jul 18 16:07:00 2024 India Standard Time elapsed time: 45.775075 seconds (0d 0h 0m 45s)

---------------  T H R E A D  ---------------

Current thread (0x000001a61eddd8e0):  JavaThread "C2 CompilerThread0" daemon [_thread_in_native, id=12516, stack(0x0000004307f00000,0x0000004308000000)]


Current CompileTask:
C2:  45775 3765       4       groovy.lang.MetaClassImpl$1MOPIter::methodNameAction (325 bytes)

Stack: [0x0000004307f00000,0x0000004308000000]
Native frames: (J=compiled Java code, j=interpreted, Vv=VM code, C=native code)
V  [jvm.dll+0x62ae9a]
V  [jvm.dll+0x7817a9]
V  [jvm.dll+0x782f03]
V  [jvm.dll+0x783563]
V  [jvm.dll+0x216325]
V  [jvm.dll+0x97f3a]
V  [jvm.dll+0x9861c]
V  [jvm.dll+0x32e2a8]
V  [jvm.dll+0x2f768a]
V  [jvm.dll+0x2f6a4a]
V  [jvm.dll+0x1ea705]
V  [jvm.dll+0x1e996e]
V  [jvm.dll+0x178567]
V  [jvm.dll+0x1f9225]
V  [jvm.dll+0x1f72cc]
V  [jvm.dll+0x74495d]
V  [jvm.dll+0x73d75a]
V  [jvm.dll+0x629c56]
C  [ucrtbase.dll+0x29333]
C  [KERNEL32.DLL+0x1257d]
C  [ntdll.dll+0x5af28]


---------------  P R O C E S S  ---------------

Threads class SMR info:
_java_thread_list=0x000001a623e694b0, length=37, elements={
0x000001a67fa4d7d0, 0x000001a61edbfd20, 0x000001a61edc08f0, 0x000001a61edda7c0,
0x000001a61eddb080, 0x000001a61eddba40, 0x000001a61eddd8e0, 0x000001a61ee302b0,
0x000001a61ee55070, 0x000001a61f815da0, 0x000001a61f83e0b0, 0x000001a62089a830,
0x000001a62030f900, 0x000001a620f82820, 0x000001a61f9baea0, 0x000001a6215e5050,
0x000001a62180d680, 0x000001a6215c5010, 0x000001a6215c54e0, 0x000001a620cfe090,
0x000001a6213a8150, 0x000001a62034eb50, 0x000001a62034c9a0, 0x000001a62034ce70,
0x000001a62034d340, 0x000001a62034c4d0, 0x000001a62034b660, 0x000001a62034d810,
0x000001a62034dce0, 0x000001a62034e680, 0x000001a62034e1b0, 0x000001a62034f020,
0x000001a62034bb30, 0x000001a6220ff6f0, 0x000001a6220fd070, 0x000001a6220faec0,
0x000001a6220fbd30
}

Java Threads: ( => current thread )
  0x000001a67fa4d7d0 JavaThread "main" [_thread_blocked, id=5096, stack(0x0000004307300000,0x0000004307400000)]
  0x000001a61edbfd20 JavaThread "Reference Handler" daemon [_thread_blocked, id=15592, stack(0x0000004307a00000,0x0000004307b00000)]
  0x000001a61edc08f0 JavaThread "Finalizer" daemon [_thread_blocked, id=21724, stack(0x0000004307b00000,0x0000004307c00000)]
  0x000001a61edda7c0 JavaThread "Signal Dispatcher" daemon [_thread_blocked, id=22388, stack(0x0000004307c00000,0x0000004307d00000)]
  0x000001a61eddb080 JavaThread "Attach Listener" daemon [_thread_blocked, id=17184, stack(0x0000004307d00000,0x0000004307e00000)]
  0x000001a61eddba40 JavaThread "Service Thread" daemon [_thread_blocked, id=16192, stack(0x0000004307e00000,0x0000004307f00000)]
=>0x000001a61eddd8e0 JavaThread "C2 CompilerThread0" daemon [_thread_in_native, id=12516, stack(0x0000004307f00000,0x0000004308000000)]
  0x000001a61ee302b0 JavaThread "C1 CompilerThread0" daemon [_thread_blocked, id=11516, stack(0x0000004308000000,0x0000004308100000)]
  0x000001a61ee55070 JavaThread "Sweeper thread" daemon [_thread_blocked, id=1688, stack(0x0000004308100000,0x0000004308200000)]
  0x000001a61f815da0 JavaThread "Common-Cleaner" daemon [_thread_blocked, id=19544, stack(0x0000004308200000,0x0000004308300000)]
  0x000001a61f83e0b0 JavaThread "Notification Thread" daemon [_thread_blocked, id=10348, stack(0x0000004308300000,0x0000004308400000)]
  0x000001a62089a830 JavaThread "Daemon health stats" [_thread_blocked, id=17980, stack(0x0000004308700000,0x0000004308800000)]
  0x000001a62030f900 JavaThread "Incoming local TCP Connector on port 52338" [_thread_in_native, id=19372, stack(0x0000004308800000,0x0000004308900000)]
  0x000001a620f82820 JavaThread "Daemon periodic checks" [_thread_blocked, id=19676, stack(0x0000004308900000,0x0000004308a00000)]
  0x000001a61f9baea0 JavaThread "Daemon" [_thread_blocked, id=2972, stack(0x0000004308a00000,0x0000004308b00000)]
  0x000001a6215e5050 JavaThread "Handler for socket connection from /127.0.0.1:52338 to /127.0.0.1:52343" [_thread_in_native, id=21672, stack(0x0000004308b00000,0x0000004308c00000)]
  0x000001a62180d680 JavaThread "Cancel handler" [_thread_blocked, id=18856, stack(0x0000004308c00000,0x0000004308d00000)]
  0x000001a6215c5010 JavaThread "Daemon worker" [_thread_blocked, id=22176, stack(0x0000004308d00000,0x0000004308e00000)]
  0x000001a6215c54e0 JavaThread "Asynchronous log dispatcher for DefaultDaemonConnection: socket connection from /127.0.0.1:52338 to /127.0.0.1:52343" [_thread_blocked, id=16344, stack(0x0000004308e00000,0x0000004308f00000)]
  0x000001a620cfe090 JavaThread "Stdin handler" [_thread_blocked, id=18600, stack(0x0000004308f00000,0x0000004309000000)]
  0x000001a6213a8150 JavaThread "Daemon client event forwarder" [_thread_blocked, id=4468, stack(0x0000004309000000,0x0000004309100000)]
  0x000001a62034eb50 JavaThread "Cache worker for journal cache (C:\Users\mayan\.gradle\caches\journal-1)" [_thread_blocked, id=17884, stack(0x0000004309100000,0x0000004309200000)]
  0x000001a62034c9a0 JavaThread "File lock request listener" [_thread_in_native, id=7064, stack(0x0000004309200000,0x0000004309300000)]
  0x000001a62034ce70 JavaThread "File lock release action executor" [_thread_blocked, id=10852, stack(0x0000004309300000,0x0000004309400000)]
  0x000001a62034d340 JavaThread "Cache worker for file hash cache (C:\Users\mayan\.gradle\caches\7.5.1\fileHashes)" [_thread_blocked, id=14832, stack(0x0000004309a00000,0x0000004309b00000)]
  0x000001a62034c4d0 JavaThread "File watcher server" daemon [_thread_in_native, id=8876, stack(0x0000004309b00000,0x0000004309c00000)]
  0x000001a62034b660 JavaThread "File watcher consumer" daemon [_thread_blocked, id=1616, stack(0x0000004309c00000,0x0000004309d00000)]
  0x000001a62034d810 JavaThread "Cache worker for checksums cache (D:\Project\ExpenseTracker\ExpenseTrackerFrontend\android\.gradle\7.5.1\checksums)" [_thread_blocked, id=15580, stack(0x0000004309d00000,0x0000004309e00000)]
  0x000001a62034dce0 JavaThread "Cache worker for cache directory md-rule (C:\Users\mayan\.gradle\caches\7.5.1\md-rule)" [_thread_blocked, id=8144, stack(0x0000004309e00000,0x0000004309f00000)]
  0x000001a62034e680 JavaThread "Cache worker for file content cache (C:\Users\mayan\.gradle\caches\7.5.1\fileContent)" [_thread_blocked, id=2996, stack(0x0000004309f00000,0x000000430a000000)]
  0x000001a62034e1b0 JavaThread "Cache worker for file hash cache (D:\Project\ExpenseTracker\ExpenseTrackerFrontend\android\.gradle\7.5.1\fileHashes)" [_thread_blocked, id=11908, stack(0x000000430a100000,0x000000430a200000)]
  0x000001a62034f020 JavaThread "Cache worker for cache directory md-supplier (C:\Users\mayan\.gradle\caches\7.5.1\md-supplier)" [_thread_blocked, id=2464, stack(0x000000430a200000,0x000000430a300000)]
  0x000001a62034bb30 JavaThread "Cache worker for execution history cache (C:\Users\mayan\.gradle\caches\7.5.1\executionHistory)" [_thread_blocked, id=19892, stack(0x000000430a300000,0x000000430a400000)]
  0x000001a6220ff6f0 JavaThread "jar transforms" [_thread_blocked, id=18616, stack(0x000000430a400000,0x000000430a500000)]
  0x000001a6220fd070 JavaThread "jar transforms Thread 2" [_thread_blocked, id=1600, stack(0x000000430a500000,0x000000430a600000)]
  0x000001a6220faec0 JavaThread "jar transforms Thread 3" [_thread_blocked, id=19964, stack(0x000000430a600000,0x000000430a700000)]
  0x000001a6220fbd30 JavaThread "jar transforms Thread 4" [_thread_blocked, id=20580, stack(0x000000430a700000,0x000000430a800000)]

Other Threads:
  0x000001a61edba8f0 VMThread "VM Thread" [stack: 0x0000004307900000,0x0000004307a00000] [id=16032]
  0x000001a61f83f190 WatcherThread [stack: 0x0000004308400000,0x0000004308500000] [id=7964]
  0x000001a67fa8f3b0 GCTaskThread "GC Thread#0" [stack: 0x0000004307400000,0x0000004307500000] [id=17960]
  0x000001a62039a7c0 GCTaskThread "GC Thread#1" [stack: 0x0000004308500000,0x0000004308600000] [id=5804]
  0x000001a62039ae20 GCTaskThread "GC Thread#2" [stack: 0x0000004309400000,0x0000004309500000] [id=21780]
  0x000001a620399e30 GCTaskThread "GC Thread#3" [stack: 0x0000004309500000,0x0000004309600000] [id=3308]
  0x000001a62039bae0 GCTaskThread "GC Thread#4" [stack: 0x0000004309600000,0x0000004309700000] [id=21568]
  0x000001a620398180 GCTaskThread "GC Thread#5" [stack: 0x0000004309700000,0x0000004309800000] [id=16172]
  0x000001a62039aaf0 GCTaskThread "GC Thread#6" [stack: 0x0000004309800000,0x0000004309900000] [id=16920]
  0x000001a62039b150 GCTaskThread "GC Thread#7" [stack: 0x0000004309900000,0x0000004309a00000] [id=21864]
  0x000001a67faa0240 ConcurrentGCThread "G1 Main Marker" [stack: 0x0000004307500000,0x0000004307600000] [id=18564]
  0x000001a67faa0b70 ConcurrentGCThread "G1 Conc#0" [stack: 0x0000004307600000,0x0000004307700000] [id=8880]
  0x000001a6203994a0 ConcurrentGCThread "G1 Conc#1" [stack: 0x000000430a000000,0x000000430a100000] [id=2496]
  0x000001a67fafe380 ConcurrentGCThread "G1 Refine#0" [stack: 0x0000004307700000,0x0000004307800000] [id=21756]
  0x000001a6202f7f50 ConcurrentGCThread "G1 Refine#1" [stack: 0x0000004308600000,0x0000004308700000] [id=18592]
  0x000001a67fafecc0 ConcurrentGCThread "G1 Young RemSet Sampling" [stack: 0x0000004307800000,0x0000004307900000] [id=17820]

Threads with active compile tasks:
C2 CompilerThread0    46004 3765       4       groovy.lang.MetaClassImpl$1MOPIter::methodNameAction (325 bytes)

VM state: not at safepoint (normal execution)

VM Mutex/Monitor currently owned by a thread: None

Heap address: 0x0000000080000000, size: 2048 MB, Compressed Oops mode: 32-bit
CDS archive(s) mapped at: [0x0000000800000000-0x0000000800b50000-0x0000000800b50000), size 11862016, SharedBaseAddress: 0x0000000800000000, ArchiveRelocationMode: 0.
Compressed class space mapped at: 0x0000000800b50000-0x0000000820350000, size: 528482304
Narrow klass base: 0x0000000800000000, Narrow klass shift: 3, Narrow klass range: 0x100000000

GC Precious Log:
 CPUs: 8 total, 8 available
 Memory: 3889M
 Large Page Support: Disabled
 NUMA Support: Disabled
 Compressed Oops: Enabled (32-bit)
 Heap Region Size: 1M
 Heap Min Capacity: 8M
 Heap Initial Capacity: 62M
 Heap Max Capacity: 2G
 Pre-touch: Disabled
 Parallel Workers: 8
 Concurrent Workers: 2
 Concurrent Refinement Workers: 8
 Periodic GC: Disabled

Heap:
 garbage-first heap   total 63488K, used 48189K [0x0000000080000000, 0x0000000100000000)
  region size 1024K, 23 young (23552K), 3 survivors (3072K)
 Metaspace       used 32580K, capacity 33183K, committed 33456K, reserved 546816K
  class space    used 4359K, capacity 4526K, committed 4608K, reserved 516096K

Heap Regions: E=young(eden), S=young(survivor), O=old, HS=humongous(starts), HC=humongous(continues), CS=collection set, F=free, OA=open archive, CA=closed archive, TAMS=top-at-mark-start (previous, next)
|   0|0x0000000080000000, 0x0000000080100000, 0x0000000080100000|100%| O|  |TAMS 0x0000000080100000, 0x0000000080000000| Untracked 
|   1|0x0000000080100000, 0x0000000080200000, 0x0000000080200000|100%| O|  |TAMS 0x0000000080200000, 0x0000000080100000| Untracked 
|   2|0x0000000080200000, 0x0000000080300000, 0x0000000080300000|100%| O|  |TAMS 0x0000000080300000, 0x0000000080200000| Untracked 
|   3|0x0000000080300000, 0x0000000080400000, 0x0000000080400000|100%|HS|  |TAMS 0x0000000080400000, 0x0000000080300000| Complete 
|   4|0x0000000080400000, 0x0000000080500000, 0x0000000080500000|100%|HC|  |TAMS 0x0000000080500000, 0x0000000080400000| Complete 
|   5|0x0000000080500000, 0x0000000080600000, 0x0000000080600000|100%|HC|  |TAMS 0x0000000080600000, 0x0000000080500000| Complete 
|   6|0x0000000080600000, 0x0000000080700000, 0x0000000080700000|100%| O|  |TAMS 0x0000000080700000, 0x0000000080600000| Untracked 
|   7|0x0000000080700000, 0x0000000080800000, 0x0000000080800000|100%| O|  |TAMS 0x0000000080800000, 0x0000000080700000| Untracked 
|   8|0x0000000080800000, 0x0000000080900000, 0x0000000080900000|100%| O|  |TAMS 0x0000000080900000, 0x0000000080800000| Untracked 
|   9|0x0000000080900000, 0x0000000080a00000, 0x0000000080a00000|100%| O|  |TAMS 0x0000000080a00000, 0x0000000080900000| Untracked 
|  10|0x0000000080a00000, 0x0000000080b00000, 0x0000000080b00000|100%| O|  |TAMS 0x0000000080b00000, 0x0000000080a00000| Untracked 
|  11|0x0000000080b00000, 0x0000000080c00000, 0x0000000080c00000|100%| O|  |TAMS 0x0000000080c00000, 0x0000000080b00000| Untracked 
|  12|0x0000000080c00000, 0x0000000080d00000, 0x0000000080d00000|100%| O|  |TAMS 0x0000000080d00000, 0x0000000080c00000| Untracked 
|  13|0x0000000080d00000, 0x0000000080e00000, 0x0000000080e00000|100%| O|  |TAMS 0x0000000080e00000, 0x0000000080d00000| Untracked 
|  14|0x0000000080e00000, 0x0000000080f00000, 0x0000000080f00000|100%| O|  |TAMS 0x0000000080f00000, 0x0000000080e00000| Untracked 
|  15|0x0000000080f00000, 0x0000000081000000, 0x0000000081000000|100%| O|  |TAMS 0x0000000081000000, 0x0000000080f00000| Untracked 
|  16|0x0000000081000000, 0x0000000081100000, 0x0000000081100000|100%| O|  |TAMS 0x0000000081100000, 0x0000000081000000| Untracked 
|  17|0x0000000081100000, 0x0000000081200000, 0x0000000081200000|100%| O|  |TAMS 0x000000008110f400, 0x0000000081100000| Untracked 
|  18|0x0000000081200000, 0x0000000081300000, 0x0000000081300000|100%| O|  |TAMS 0x0000000081200000, 0x0000000081200000| Untracked 
|  19|0x0000000081300000, 0x0000000081400000, 0x0000000081400000|100%| O|  |TAMS 0x0000000081300000, 0x0000000081300000| Untracked 
|  20|0x0000000081400000, 0x0000000081500000, 0x0000000081500000|100%| O|  |TAMS 0x0000000081400000, 0x0000000081400000| Untracked 
|  21|0x0000000081500000, 0x0000000081600000, 0x0000000081600000|100%| O|  |TAMS 0x0000000081500000, 0x0000000081500000| Untracked 
|  22|0x0000000081600000, 0x0000000081600000, 0x0000000081700000|  0%| F|  |TAMS 0x0000000081600000, 0x0000000081600000| Untracked 
|  23|0x0000000081700000, 0x0000000081700000, 0x0000000081800000|  0%| F|  |TAMS 0x0000000081700000, 0x0000000081700000| Untracked 
|  24|0x0000000081800000, 0x0000000081800000, 0x0000000081900000|  0%| F|  |TAMS 0x0000000081800000, 0x0000000081800000| Untracked 
|  25|0x0000000081900000, 0x0000000081a00000, 0x0000000081a00000|100%| O|  |TAMS 0x0000000081900000, 0x0000000081900000| Untracked 
|  26|0x0000000081a00000, 0x0000000081b00000, 0x0000000081b00000|100%| O|  |TAMS 0x0000000081a00000, 0x0000000081a00000| Untracked 
|  27|0x0000000081b00000, 0x0000000081c00000, 0x0000000081c00000|100%| O|  |TAMS 0x0000000081b00000, 0x0000000081b00000| Untracked 
|  28|0x0000000081c00000, 0x0000000081c99200, 0x0000000081d00000| 59%| O|  |TAMS 0x0000000081c00000, 0x0000000081c00000| Untracked 
|  29|0x0000000081d00000, 0x0000000081d00000, 0x0000000081e00000|  0%| F|  |TAMS 0x0000000081d00000, 0x0000000081d00000| Untracked 
|  30|0x0000000081e00000, 0x0000000081e00000, 0x0000000081f00000|  0%| F|  |TAMS 0x0000000081e00000, 0x0000000081e00000| Untracked 
|  31|0x0000000081f00000, 0x0000000081f00000, 0x0000000082000000|  0%| F|  |TAMS 0x0000000081f00000, 0x0000000081f00000| Untracked 
|  32|0x0000000082000000, 0x0000000082000000, 0x0000000082100000|  0%| F|  |TAMS 0x0000000082000000, 0x0000000082000000| Untracked 
|  33|0x0000000082100000, 0x0000000082100000, 0x0000000082200000|  0%| F|  |TAMS 0x0000000082100000, 0x0000000082100000| Untracked 
|  34|0x0000000082200000, 0x0000000082200000, 0x0000000082300000|  0%| F|  |TAMS 0x0000000082200000, 0x0000000082200000| Untracked 
|  35|0x0000000082300000, 0x0000000082300000, 0x0000000082400000|  0%| F|  |TAMS 0x0000000082300000, 0x0000000082300000| Untracked 
|  36|0x0000000082400000, 0x0000000082400000, 0x0000000082500000|  0%| F|  |TAMS 0x0000000082400000, 0x0000000082400000| Untracked 
|  37|0x0000000082500000, 0x0000000082576368, 0x0000000082600000| 46%| S|CS|TAMS 0x0000000082500000, 0x0000000082500000| Complete 
|  38|0x0000000082600000, 0x0000000082700000, 0x0000000082700000|100%| S|CS|TAMS 0x0000000082600000, 0x0000000082600000| Complete 
|  39|0x0000000082700000, 0x0000000082800000, 0x0000000082800000|100%| S|CS|TAMS 0x0000000082700000, 0x0000000082700000| Complete 
|  40|0x0000000082800000, 0x0000000082800000, 0x0000000082900000|  0%| F|  |TAMS 0x0000000082800000, 0x0000000082800000| Untracked 
|  41|0x0000000082900000, 0x0000000082900000, 0x0000000082a00000|  0%| F|  |TAMS 0x0000000082900000, 0x0000000082900000| Untracked 
|  42|0x0000000082a00000, 0x0000000082ad2970, 0x0000000082b00000| 82%| E|  |TAMS 0x0000000082a00000, 0x0000000082a00000| Complete 
|  43|0x0000000082b00000, 0x0000000082c00000, 0x0000000082c00000|100%| E|CS|TAMS 0x0000000082b00000, 0x0000000082b00000| Complete 
|  44|0x0000000082c00000, 0x0000000082d00000, 0x0000000082d00000|100%| E|CS|TAMS 0x0000000082c00000, 0x0000000082c00000| Complete 
|  45|0x0000000082d00000, 0x0000000082e00000, 0x0000000082e00000|100%| E|CS|TAMS 0x0000000082d00000, 0x0000000082d00000| Complete 
|  46|0x0000000082e00000, 0x0000000082f00000, 0x0000000082f00000|100%| E|CS|TAMS 0x0000000082e00000, 0x0000000082e00000| Complete 
|  47|0x0000000082f00000, 0x0000000083000000, 0x0000000083000000|100%| E|CS|TAMS 0x0000000082f00000, 0x0000000082f00000| Complete 
|  48|0x0000000083000000, 0x0000000083100000, 0x0000000083100000|100%| E|CS|TAMS 0x0000000083000000, 0x0000000083000000| Complete 
|  49|0x0000000083100000, 0x0000000083200000, 0x0000000083200000|100%| E|CS|TAMS 0x0000000083100000, 0x0000000083100000| Complete 
|  50|0x0000000083200000, 0x0000000083300000, 0x0000000083300000|100%| E|CS|TAMS 0x0000000083200000, 0x0000000083200000| Complete 
|  51|0x0000000083300000, 0x0000000083400000, 0x0000000083400000|100%| E|CS|TAMS 0x0000000083300000, 0x0000000083300000| Complete 
|  52|0x0000000083400000, 0x0000000083500000, 0x0000000083500000|100%| E|CS|TAMS 0x0000000083400000, 0x0000000083400000| Complete 
|  53|0x0000000083500000, 0x0000000083600000, 0x0000000083600000|100%| E|CS|TAMS 0x0000000083500000, 0x0000000083500000| Complete 
|  54|0x0000000083600000, 0x0000000083700000, 0x0000000083700000|100%| E|CS|TAMS 0x0000000083600000, 0x0000000083600000| Complete 
|  55|0x0000000083700000, 0x0000000083800000, 0x0000000083800000|100%| E|CS|TAMS 0x0000000083700000, 0x0000000083700000| Complete 
|  56|0x0000000083800000, 0x0000000083900000, 0x0000000083900000|100%| E|CS|TAMS 0x0000000083800000, 0x0000000083800000| Complete 
|  57|0x0000000083900000, 0x0000000083a00000, 0x0000000083a00000|100%| E|CS|TAMS 0x0000000083900000, 0x0000000083900000| Complete 
|  58|0x0000000083a00000, 0x0000000083b00000, 0x0000000083b00000|100%| E|CS|TAMS 0x0000000083a00000, 0x0000000083a00000| Complete 
|  59|0x0000000083b00000, 0x0000000083c00000, 0x0000000083c00000|100%| E|CS|TAMS 0x0000000083b00000, 0x0000000083b00000| Complete 
|  60|0x0000000083c00000, 0x0000000083d00000, 0x0000000083d00000|100%| E|CS|TAMS 0x0000000083c00000, 0x0000000083c00000| Complete 
|  61|0x0000000083d00000, 0x0000000083e00000, 0x0000000083e00000|100%| E|CS|TAMS 0x0000000083d00000, 0x0000000083d00000| Complete 

Card table byte_map: [0x000001a617bc0000,0x000001a617fc0000] _byte_map_base: 0x000001a6177c0000

Marking Bits (Prev, Next): (CMBitMap*) 0x000001a67fa8f920, (CMBitMap*) 0x000001a67fa8f8e0
 Prev Bits: [0x000001a61a3c0000, 0x000001a61c3c0000)
 Next Bits: [0x000001a6183c0000, 0x000001a61a3c0000)

Polling page: 0x000001a67fb10000

Metaspace:

Usage:
  Non-class:     27.99 MB capacity,    27.56 MB ( 98%) used,   392.50 KB (  1%) free+waste,    43.19 KB ( <1%) overhead. 
      Class:      4.42 MB capacity,     4.26 MB ( 96%) used,   147.93 KB (  3%) free+waste,    18.50 KB ( <1%) overhead. 
       Both:     32.41 MB capacity,    31.82 MB ( 98%) used,   540.43 KB (  2%) free+waste,    61.69 KB ( <1%) overhead. 

Virtual space:
  Non-class space:       30.00 MB reserved,      28.17 MB ( 94%) committed 
      Class space:      504.00 MB reserved,       4.50 MB ( <1%) committed 
             Both:      534.00 MB reserved,      32.67 MB (  6%) committed 

Chunk freelists:
   Non-Class:  63.00 KB
       Class:  18.00 KB
        Both:  81.00 KB

MaxMetaspaceSize: 512.00 MB
CompressedClassSpaceSize: 504.00 MB

CodeHeap 'non-profiled nmethods': size=120000Kb used=1986Kb max_used=1986Kb free=118013Kb
 bounds [0x000001a60fc30000, 0x000001a60fea0000, 0x000001a617160000]
CodeHeap 'profiled nmethods': size=120000Kb used=7829Kb max_used=7829Kb free=112170Kb
 bounds [0x000001a608700000, 0x000001a608eb0000, 0x000001a60fc30000]
CodeHeap 'non-nmethods': size=5760Kb used=2299Kb max_used=2327Kb free=3460Kb
 bounds [0x000001a608160000, 0x000001a6083d0000, 0x000001a608700000]
 total_blobs=4669 nmethods=3897 adapters=684
 compilation: enabled
              stopped_count=0, restarted_count=0
 full_count=0

Compilation events (20 events):
Event: 45.435 Thread 0x000001a61ee302b0 3845       3       groovyjarjarasm.asm.Symbol::<init> (38 bytes)
Event: 45.435 Thread 0x000001a61ee302b0 nmethod 3845 0x000001a608e82510 code [0x000001a608e826c0, 0x000001a608e82958]
Event: 45.436 Thread 0x000001a61ee302b0 3846       3       groovyjarjarasm.asm.SymbolTable$Entry::<init> (17 bytes)
Event: 45.436 Thread 0x000001a61ee302b0 nmethod 3846 0x000001a608e82a90 code [0x000001a608e82c40, 0x000001a608e82da8]
Event: 45.574 Thread 0x000001a61ee302b0 3850       1       java.lang.invoke.InvokerBytecodeGenerator$ClassData::name (5 bytes)
Event: 45.574 Thread 0x000001a61ee302b0 nmethod 3850 0x000001a60fe1f110 code [0x000001a60fe1f2a0, 0x000001a60fe1f358]
Event: 45.575 Thread 0x000001a61ee302b0 3851       1       java.lang.invoke.InvokerBytecodeGenerator::setClassWriter (6 bytes)
Event: 45.575 Thread 0x000001a61ee302b0 nmethod 3851 0x000001a60fe1f410 code [0x000001a60fe1f5a0, 0x000001a60fe1f698]
Event: 45.575 Thread 0x000001a61ee302b0 3852       3       jdk.internal.org.objectweb.asm.AnnotationWriter::create (34 bytes)
Event: 45.575 Thread 0x000001a61ee302b0 nmethod 3852 0x000001a608e82e90 code [0x000001a608e83080, 0x000001a608e83518]
Event: 45.575 Thread 0x000001a61ee302b0 3853       1       java.lang.Class::getClassData (5 bytes)
Event: 45.575 Thread 0x000001a61ee302b0 nmethod 3853 0x000001a60fe1f710 code [0x000001a60fe1f8a0, 0x000001a60fe1f958]
Event: 45.583 Thread 0x000001a61ee302b0 3854       3       org.codehaus.groovy.util.LockableObject::unlock (7 bytes)
Event: 45.583 Thread 0x000001a61ee302b0 nmethod 3854 0x000001a608e83710 code [0x000001a608e838c0, 0x000001a608e83b78]
Event: 45.583 Thread 0x000001a61ee302b0 3855       3       org.codehaus.groovy.util.LockableObject::lock (25 bytes)
Event: 45.583 Thread 0x000001a61ee302b0 nmethod 3855 0x000001a608e83c90 code [0x000001a608e83e40, 0x000001a608e84098]
Event: 45.591 Thread 0x000001a61ee302b0 3856       3       sun.reflect.generics.parser.SignatureParser::parseIdentifier (13 bytes)
Event: 45.591 Thread 0x000001a61ee302b0 nmethod 3856 0x000001a608e84190 code [0x000001a608e84360, 0x000001a608e845b8]
Event: 45.616 Thread 0x000001a61ee302b0 3857       3       org.codehaus.groovy.reflection.stdclasses.CachedSAMClass::getAbstractMethods (122 bytes)
Event: 45.618 Thread 0x000001a61ee302b0 nmethod 3857 0x000001a608e84710 code [0x000001a608e84a20, 0x000001a608e85d18]

GC Heap History (20 events):
Event: 18.147 GC heap before
{Heap before GC invocations=1 (full 0):
 garbage-first heap   total 63488K, used 14967K [0x0000000080000000, 0x0000000100000000)
  region size 1024K, 9 young (9216K), 3 survivors (3072K)
 Metaspace       used 4104K, capacity 6521K, committed 6656K, reserved 524288K
  class space    used 507K, capacity 743K, committed 768K, reserved 516096K
}
Event: 18.459 GC heap after
{Heap after GC invocations=2 (full 0):
 garbage-first heap   total 63488K, used 10190K [0x0000000080000000, 0x0000000100000000)
  region size 1024K, 1 young (1024K), 1 survivors (1024K)
 Metaspace       used 4104K, capacity 6521K, committed 6656K, reserved 524288K
  class space    used 507K, capacity 743K, committed 768K, reserved 516096K
}
Event: 20.998 GC heap before
{Heap before GC invocations=2 (full 0):
 garbage-first heap   total 63488K, used 17358K [0x0000000080000000, 0x0000000100000000)
  region size 1024K, 9 young (9216K), 1 survivors (1024K)
 Metaspace       used 4300K, capacity 6681K, committed 7040K, reserved 524288K
  class space    used 522K, capacity 775K, committed 896K, reserved 516096K
}
Event: 21.003 GC heap after
{Heap after GC invocations=3 (full 0):
 garbage-first heap   total 63488K, used 10357K [0x0000000080000000, 0x0000000100000000)
  region size 1024K, 1 young (1024K), 1 survivors (1024K)
 Metaspace       used 4300K, capacity 6681K, committed 7040K, reserved 524288K
  class space    used 522K, capacity 775K, committed 896K, reserved 516096K
}
Event: 31.099 GC heap before
{Heap before GC invocations=3 (full 0):
 garbage-first heap   total 63488K, used 39029K [0x0000000080000000, 0x0000000100000000)
  region size 1024K, 29 young (29696K), 1 survivors (1024K)
 Metaspace       used 4508K, capacity 6865K, committed 7040K, reserved 524288K
  class space    used 542K, capacity 815K, committed 896K, reserved 516096K
}
Event: 31.105 GC heap after
{Heap after GC invocations=4 (full 0):
 garbage-first heap   total 63488K, used 14336K [0x0000000080000000, 0x0000000100000000)
  region size 1024K, 4 young (4096K), 4 survivors (4096K)
 Metaspace       used 4508K, capacity 6865K, committed 7040K, reserved 524288K
  class space    used 542K, capacity 815K, committed 896K, reserved 516096K
}
Event: 36.643 GC heap before
{Heap before GC invocations=4 (full 0):
 garbage-first heap   total 63488K, used 44032K [0x0000000080000000, 0x0000000100000000)
  region size 1024K, 33 young (33792K), 4 survivors (4096K)
 Metaspace       used 11542K, capacity 11842K, committed 11904K, reserved 526336K
  class space    used 1554K, capacity 1637K, committed 1664K, reserved 516096K
}
Event: 36.650 GC heap after
{Heap after GC invocations=5 (full 0):
 garbage-first heap   total 63488K, used 17561K [0x0000000080000000, 0x0000000100000000)
  region size 1024K, 3 young (3072K), 3 survivors (3072K)
 Metaspace       used 11542K, capacity 11842K, committed 11904K, reserved 526336K
  class space    used 1554K, capacity 1637K, committed 1664K, reserved 516096K
}
Event: 38.153 GC heap before
{Heap before GC invocations=5 (full 0):
 garbage-first heap   total 63488K, used 43161K [0x0000000080000000, 0x0000000100000000)
  region size 1024K, 29 young (29696K), 3 survivors (3072K)
 Metaspace       used 16103K, capacity 16529K, committed 16768K, reserved 530432K
  class space    used 2264K, capacity 2411K, committed 2432K, reserved 516096K
}
Event: 38.159 GC heap after
{Heap after GC invocations=6 (full 0):
 garbage-first heap   total 63488K, used 19361K [0x0000000080000000, 0x0000000100000000)
  region size 1024K, 2 young (2048K), 2 survivors (2048K)
 Metaspace       used 16103K, capacity 16529K, committed 16768K, reserved 530432K
  class space    used 2264K, capacity 2411K, committed 2432K, reserved 516096K
}
Event: 39.833 GC heap before
{Heap before GC invocations=6 (full 0):
 garbage-first heap   total 63488K, used 44961K [0x0000000080000000, 0x0000000100000000)
  region size 1024K, 28 young (28672K), 2 survivors (2048K)
 Metaspace       used 20014K, capacity 20396K, committed 20480K, reserved 534528K
  class space    used 2867K, capacity 2995K, committed 3072K, reserved 516096K
}
Event: 39.839 GC heap after
{Heap after GC invocations=7 (full 0):
 garbage-first heap   total 63488K, used 20411K [0x0000000080000000, 0x0000000100000000)
  region size 1024K, 3 young (3072K), 3 survivors (3072K)
 Metaspace       used 20014K, capacity 20396K, committed 20480K, reserved 534528K
  class space    used 2867K, capacity 2995K, committed 3072K, reserved 516096K
}
Event: 40.128 GC heap before
{Heap before GC invocations=7 (full 0):
 garbage-first heap   total 63488K, used 25531K [0x0000000080000000, 0x0000000100000000)
  region size 1024K, 9 young (9216K), 3 survivors (3072K)
 Metaspace       used 20824K, capacity 21164K, committed 21296K, reserved 534528K
  class space    used 2989K, capacity 3123K, committed 3200K, reserved 516096K
}
Event: 40.137 GC heap after
{Heap after GC invocations=8 (full 0):
 garbage-first heap   total 63488K, used 20917K [0x0000000080000000, 0x0000000100000000)
  region size 1024K, 2 young (2048K), 2 survivors (2048K)
 Metaspace       used 20824K, capacity 21164K, committed 21296K, reserved 534528K
  class space    used 2989K, capacity 3123K, committed 3200K, reserved 516096K
}
Event: 41.211 GC heap before
{Heap before GC invocations=9 (full 0):
 garbage-first heap   total 63488K, used 47541K [0x0000000080000000, 0x0000000100000000)
  region size 1024K, 28 young (28672K), 2 survivors (2048K)
 Metaspace       used 24948K, capacity 25444K, committed 25776K, reserved 538624K
  class space    used 3562K, capacity 3718K, committed 3840K, reserved 516096K
}
Event: 41.216 GC heap after
{Heap after GC invocations=10 (full 0):
 garbage-first heap   total 63488K, used 22479K [0x0000000080000000, 0x0000000100000000)
  region size 1024K, 4 young (4096K), 4 survivors (4096K)
 Metaspace       used 24948K, capacity 25444K, committed 25776K, reserved 538624K
  class space    used 3562K, capacity 3718K, committed 3840K, reserved 516096K
}
Event: 42.472 GC heap before
{Heap before GC invocations=10 (full 0):
 garbage-first heap   total 63488K, used 47055K [0x0000000080000000, 0x0000000100000000)
  region size 1024K, 29 young (29696K), 4 survivors (4096K)
 Metaspace       used 29068K, capacity 29545K, committed 29744K, reserved 542720K
  class space    used 3969K, capacity 4106K, committed 4224K, reserved 516096K
}
Event: 42.483 GC heap after
{Heap after GC invocations=11 (full 0):
 garbage-first heap   total 63488K, used 26072K [0x0000000080000000, 0x0000000100000000)
  region size 1024K, 4 young (4096K), 4 survivors (4096K)
 Metaspace       used 29068K, capacity 29545K, committed 29744K, reserved 542720K
  class space    used 3969K, capacity 4106K, committed 4224K, reserved 516096K
}
Event: 45.093 GC heap before
{Heap before GC invocations=11 (full 0):
 garbage-first heap   total 63488K, used 50648K [0x0000000080000000, 0x0000000100000000)
  region size 1024K, 26 young (26624K), 4 survivors (4096K)
 Metaspace       used 31780K, capacity 32295K, committed 32560K, reserved 544768K
  class space    used 4253K, capacity 4443K, committed 4480K, reserved 516096K
}
Event: 45.102 GC heap after
{Heap after GC invocations=12 (full 0):
 garbage-first heap   total 63488K, used 28733K [0x0000000080000000, 0x0000000100000000)
  region size 1024K, 3 young (3072K), 3 survivors (3072K)
 Metaspace       used 31780K, capacity 32295K, committed 32560K, reserved 544768K
  class space    used 4253K, capacity 4443K, committed 4480K, reserved 516096K
}

Deoptimization events (20 events):
Event: 45.080 Thread 0x000001a62034d340 Uncommon trap: trap_request=0xffffffc6 fr.pc=0x000001a60fdfa888 relative=0x00000000000009e8
Event: 45.080 Thread 0x000001a62034d340 Uncommon trap: reason=bimorphic_or_optimized_type_check action=maybe_recompile pc=0x000001a60fdfa888 method=java.io.BufferedInputStream.read([BII)I @ 101 c2
Event: 45.080 Thread 0x000001a62034d340 DEOPT PACKING pc=0x000001a60fdfa888 sp=0x0000004309afe2b0
Event: 45.080 Thread 0x000001a62034d340 DEOPT UNPACKING pc=0x000001a6081ae42f sp=0x0000004309afe268 mode 2
Event: 45.085 Thread 0x000001a62034d340 Uncommon trap: trap_request=0xffffffc6 fr.pc=0x000001a60fdfa888 relative=0x00000000000009e8
Event: 45.085 Thread 0x000001a62034d340 Uncommon trap: reason=bimorphic_or_optimized_type_check action=maybe_recompile pc=0x000001a60fdfa888 method=java.io.BufferedInputStream.read([BII)I @ 101 c2
Event: 45.085 Thread 0x000001a62034d340 DEOPT PACKING pc=0x000001a60fdfa888 sp=0x0000004309afe2b0
Event: 45.085 Thread 0x000001a62034d340 DEOPT UNPACKING pc=0x000001a6081ae42f sp=0x0000004309afe268 mode 2
Event: 45.091 Thread 0x000001a62034d340 Uncommon trap: trap_request=0xffffffc6 fr.pc=0x000001a60fdfa888 relative=0x00000000000009e8
Event: 45.091 Thread 0x000001a62034d340 Uncommon trap: reason=bimorphic_or_optimized_type_check action=maybe_recompile pc=0x000001a60fdfa888 method=java.io.BufferedInputStream.read([BII)I @ 101 c2
Event: 45.091 Thread 0x000001a62034d340 DEOPT PACKING pc=0x000001a60fdfa888 sp=0x0000004309afe2b0
Event: 45.091 Thread 0x000001a62034d340 DEOPT UNPACKING pc=0x000001a6081ae42f sp=0x0000004309afe268 mode 2
Event: 45.247 Thread 0x000001a6215c5010 Uncommon trap: trap_request=0xffffff45 fr.pc=0x000001a60fded844 relative=0x0000000000005a64
Event: 45.247 Thread 0x000001a6215c5010 Uncommon trap: reason=unstable_if action=reinterpret pc=0x000001a60fded844 method=java.net.URLClassLoader.defineClass(Ljava/lang/String;Ljdk/internal/loader/Resource;)Ljava/lang/Class; @ 21 c2
Event: 45.247 Thread 0x000001a6215c5010 DEOPT PACKING pc=0x000001a60fded844 sp=0x0000004308df9680
Event: 45.247 Thread 0x000001a6215c5010 DEOPT UNPACKING pc=0x000001a6081ae42f sp=0x0000004308df9608 mode 2
Event: 45.402 Thread 0x000001a6215c5010 Uncommon trap: trap_request=0xffffff45 fr.pc=0x000001a60fe05bb8 relative=0x0000000000000978
Event: 45.402 Thread 0x000001a6215c5010 Uncommon trap: reason=unstable_if action=reinterpret pc=0x000001a60fe05bb8 method=java.util.WeakHashMap.eq(Ljava/lang/Object;Ljava/lang/Object;)Z @ 2 c2
Event: 45.402 Thread 0x000001a6215c5010 DEOPT PACKING pc=0x000001a60fe05bb8 sp=0x0000004308df7d20
Event: 45.402 Thread 0x000001a6215c5010 DEOPT UNPACKING pc=0x000001a6081ae42f sp=0x0000004308df7c90 mode 2

Classes unloaded (0 events):
No events

Classes redefined (0 events):
No events

Internal exceptions (20 events):
Event: 45.397 Thread 0x000001a6215c5010 Exception <a 'java/lang/ClassNotFoundException'{0x00000000833ce770}: java/util/ArrayListBeanInfo> (0x00000000833ce770) 
thrown [./open/src/hotspot/share/classfile/systemDictionary.cpp, line 295]
Event: 45.397 Thread 0x000001a6215c5010 Exception <a 'java/lang/ClassNotFoundException'{0x00000000833d3a00}: java/util/AbstractListBeanInfo> (0x00000000833d3a00) 
thrown [./open/src/hotspot/share/classfile/systemDictionary.cpp, line 295]
Event: 45.398 Thread 0x000001a6215c5010 Exception <a 'java/lang/ClassNotFoundException'{0x00000000833d90e8}: java/util/AbstractCollectionBeanInfo> (0x00000000833d90e8) 
thrown [./open/src/hotspot/share/classfile/systemDictionary.cpp, line 295]
Event: 45.398 Thread 0x000001a6215c5010 Exception <a 'java/lang/ClassNotFoundException'{0x00000000833de8d0}: java/util/AbstractCollectionCustomizer> (0x00000000833de8d0) 
thrown [./open/src/hotspot/share/classfile/systemDictionary.cpp, line 295]
Event: 45.400 Thread 0x000001a6215c5010 Exception <a 'java/lang/ClassNotFoundException'{0x00000000833ecb40}: java/util/AbstractListCustomizer> (0x00000000833ecb40) 
thrown [./open/src/hotspot/share/classfile/systemDictionary.cpp, line 295]
Event: 45.401 Thread 0x000001a6215c5010 Exception <a 'java/lang/ClassNotFoundException'{0x00000000833fcac0}: java/util/ArrayListCustomizer> (0x00000000833fcac0) 
thrown [./open/src/hotspot/share/classfile/systemDictionary.cpp, line 295]
Event: 45.413 Thread 0x000001a6215c5010 Exception <a 'java/lang/ClassNotFoundException'{0x0000000083272090}: java/util/HashMapBeanInfo> (0x0000000083272090) 
thrown [./open/src/hotspot/share/classfile/systemDictionary.cpp, line 295]
Event: 45.414 Thread 0x000001a6215c5010 Exception <a 'java/lang/ClassNotFoundException'{0x00000000832771f0}: java/util/AbstractMapBeanInfo> (0x00000000832771f0) 
thrown [./open/src/hotspot/share/classfile/systemDictionary.cpp, line 295]
Event: 45.414 Thread 0x000001a6215c5010 Exception <a 'java/lang/ClassNotFoundException'{0x000000008327c088}: java/util/AbstractMapCustomizer> (0x000000008327c088) 
thrown [./open/src/hotspot/share/classfile/systemDictionary.cpp, line 295]
Event: 45.415 Thread 0x000001a6215c5010 Exception <a 'java/lang/ClassNotFoundException'{0x000000008328ab40}: java/util/HashMapCustomizer> (0x000000008328ab40) 
thrown [./open/src/hotspot/share/classfile/systemDictionary.cpp, line 295]
Event: 45.431 Thread 0x000001a6215c5010 Exception <a 'java/lang/ClassNotFoundException'{0x0000000083132578}: java/lang/RuntimeBeanInfo> (0x0000000083132578) 
thrown [./open/src/hotspot/share/classfile/systemDictionary.cpp, line 295]
Event: 45.431 Thread 0x000001a6215c5010 Exception <a 'java/lang/ClassNotFoundException'{0x0000000083137bf8}: java/lang/RuntimeCustomizer> (0x0000000083137bf8) 
thrown [./open/src/hotspot/share/classfile/systemDictionary.cpp, line 295]
Event: 45.568 Thread 0x000001a6215c5010 Exception <a 'java/lang/NoSuchMethodError'{0x000000008315bd90}: 'void java.lang.invoke.DirectMethodHandle$Holder.invokeStatic(java.lang.Object, long)'> (0x000000008315bd90) 
thrown [./open/src/hotspot/share/interpreter/linkResolver.cpp, line 782]
Event: 45.572 Thread 0x000001a6215c5010 Exception <a 'java/lang/NoSuchMethodError'{0x00000000831622c8}: 'java.lang.Object java.lang.invoke.DirectMethodHandle$Holder.newInvokeSpecial(java.lang.Object, long)'> (0x00000000831622c8) 
thrown [./open/src/hotspot/share/interpreter/linkResolver.cpp, line 782]
Event: 45.575 Thread 0x000001a6215c5010 Exception <a 'java/lang/NoSuchMethodError'{0x000000008316dc78}: 'java.lang.Object java.lang.invoke.DirectMethodHandle$Holder.invokeStaticInit(java.lang.Object, java.lang.Object, long, java.lang.Object)'> (0x000000008316dc78) 
thrown [./open/src/hotspot/share/interpreter/linkResolver.cpp, line 782]
Event: 45.589 Thread 0x000001a6215c5010 Exception <a 'java/lang/ClassNotFoundException'{0x000000008318d1f8}: java/lang/ProcessImplBeanInfo> (0x000000008318d1f8) 
thrown [./open/src/hotspot/share/classfile/systemDictionary.cpp, line 295]
Event: 45.590 Thread 0x000001a6215c5010 Exception <a 'java/lang/ClassNotFoundException'{0x00000000831928b0}: java/lang/ProcessBeanInfo> (0x00000000831928b0) 
thrown [./open/src/hotspot/share/classfile/systemDictionary.cpp, line 295]
Event: 45.590 Thread 0x000001a6215c5010 Exception <a 'java/lang/ClassNotFoundException'{0x00000000831981d8}: java/lang/ProcessCustomizer> (0x00000000831981d8) 
thrown [./open/src/hotspot/share/classfile/systemDictionary.cpp, line 295]
Event: 45.592 Thread 0x000001a6215c5010 Exception <a 'java/lang/ClassNotFoundException'{0x00000000831a89a8}: java/lang/ProcessImplCustomizer> (0x00000000831a89a8) 
thrown [./open/src/hotspot/share/classfile/systemDictionary.cpp, line 295]
Event: 45.619 Thread 0x000001a6215c5010 Exception <a 'java/lang/ClassNotFoundException'{0x000000008300ca68}: java/io/InputStreamReaderBeanInfo> (0x000000008300ca68) 
thrown [./open/src/hotspot/share/classfile/systemDictionary.cpp, line 295]

Events (20 events):
Event: 45.590 loading class java/lang/ProcessBeanInfo done
Event: 45.590 loading class java/lang/ProcessBeanInfo
Event: 45.590 loading class java/lang/ProcessBeanInfo done
Event: 45.590 loading class java/lang/ProcessCustomizer
Event: 45.590 loading class java/lang/ProcessCustomizer done
Event: 45.590 loading class java/lang/ProcessCustomizer
Event: 45.590 loading class java/lang/ProcessCustomizer done
Event: 45.591 loading class java/util/concurrent/LinkedBlockingDeque$AbstractItr
Event: 45.592 loading class java/lang/ProcessImplCustomizer
Event: 45.592 loading class java/lang/ProcessImplCustomizer done
Event: 45.592 loading class java/lang/ProcessImplCustomizer
Event: 45.592 loading class java/lang/ProcessImplCustomizer done
Event: 45.593 loading class java/util/concurrent/LinkedBlockingDeque$AbstractItr done
Event: 45.593 loading class java/util/concurrent/LinkedBlockingDeque$Itr done
Event: 45.607 loading class java/util/LinkedList$LLSpliterator
Event: 45.607 loading class java/util/LinkedList$LLSpliterator done
Event: 45.617 loading class java/io/InputStreamReaderBeanInfo
Event: 45.617 loading class java/io/InputStreamReaderBeanInfo done
Event: 45.619 loading class java/io/InputStreamReaderBeanInfo
Event: 45.619 loading class java/io/InputStreamReaderBeanInfo done


Dynamic libraries:
0x00007ff665ba0000 - 0x00007ff665baf000 	C:\Program Files\Java\jdk-15.0.2\bin\java.exe
0x00007ff920fd0000 - 0x00007ff9211e7000 	C:\WINDOWS\SYSTEM32\ntdll.dll
0x00007ff91fc00000 - 0x00007ff91fcc4000 	C:\WINDOWS\System32\KERNEL32.DLL
0x00007ff91e610000 - 0x00007ff91e9bd000 	C:\WINDOWS\System32\KERNELBASE.dll
0x00007ff91e300000 - 0x00007ff91e411000 	C:\WINDOWS\System32\ucrtbase.dll
0x00007ff8cfda0000 - 0x00007ff8cfdb8000 	C:\Program Files\Java\jdk-15.0.2\bin\jli.dll
0x00007ff8d3c40000 - 0x00007ff8d3c59000 	C:\Program Files\Java\jdk-15.0.2\bin\VCRUNTIME140.dll
0x00007ff91f890000 - 0x00007ff91f942000 	C:\WINDOWS\System32\ADVAPI32.dll
0x00007ff9205c0000 - 0x00007ff920667000 	C:\WINDOWS\System32\msvcrt.dll
0x00007ff91ed10000 - 0x00007ff91edb9000 	C:\WINDOWS\System32\sechost.dll
0x00007ff91e530000 - 0x00007ff91e558000 	C:\WINDOWS\System32\bcrypt.dll
0x00007ff920b10000 - 0x00007ff920c24000 	C:\WINDOWS\System32\RPCRT4.dll
0x00007ff902d90000 - 0x00007ff903023000 	C:\WINDOWS\WinSxS\amd64_microsoft.windows.common-controls_6595b64144ccf1df_6.0.22621.3672_none_2713b9d173822955\COMCTL32.dll
0x00007ff91f6e0000 - 0x00007ff91f88e000 	C:\WINDOWS\System32\USER32.dll
0x00007ff920f20000 - 0x00007ff920f49000 	C:\WINDOWS\System32\GDI32.dll
0x00007ff91e5e0000 - 0x00007ff91e606000 	C:\WINDOWS\System32\win32u.dll
0x00007ff91ebf0000 - 0x00007ff91ed09000 	C:\WINDOWS\System32\gdi32full.dll
0x00007ff90c410000 - 0x00007ff90c41a000 	C:\WINDOWS\SYSTEM32\VERSION.dll
0x00007ff91e420000 - 0x00007ff91e4ba000 	C:\WINDOWS\System32\msvcp_win.dll
0x00007ff920f50000 - 0x00007ff920f81000 	C:\WINDOWS\System32\IMM32.DLL
0x00007ff8eb3f0000 - 0x00007ff8eb3fc000 	C:\Program Files\Java\jdk-15.0.2\bin\vcruntime140_1.dll
0x00007ff89f0e0000 - 0x00007ff89f171000 	C:\Program Files\Java\jdk-15.0.2\bin\msvcp140.dll
0x00007ff895b30000 - 0x00007ff89668e000 	C:\Program Files\Java\jdk-15.0.2\bin\server\jvm.dll
0x00007ff91f5f0000 - 0x00007ff91f5f8000 	C:\WINDOWS\System32\PSAPI.DLL
0x00007ff915ab0000 - 0x00007ff915ae4000 	C:\WINDOWS\SYSTEM32\WINMM.dll
0x00007ff915a30000 - 0x00007ff915a39000 	C:\WINDOWS\SYSTEM32\WSOCK32.dll
0x00007ff91fcd0000 - 0x00007ff91fd41000 	C:\WINDOWS\System32\WS2_32.dll
0x00007ff91d420000 - 0x00007ff91d438000 	C:\WINDOWS\SYSTEM32\kernel.appcore.dll
0x00007ff8eaea0000 - 0x00007ff8eaeaa000 	C:\Program Files\Java\jdk-15.0.2\bin\jimage.dll
0x00007ff91b630000 - 0x00007ff91b862000 	C:\WINDOWS\SYSTEM32\DBGHELP.DLL
0x00007ff91f080000 - 0x00007ff91f408000 	C:\WINDOWS\System32\combase.dll
0x00007ff91f600000 - 0x00007ff91f6d7000 	C:\WINDOWS\System32\OLEAUT32.dll
0x00007ff915a70000 - 0x00007ff915aa2000 	C:\WINDOWS\SYSTEM32\dbgcore.DLL
0x00007ff91e560000 - 0x00007ff91e5db000 	C:\WINDOWS\System32\bcryptPrimitives.dll
0x00007ff8c5000000 - 0x00007ff8c5025000 	C:\Program Files\Java\jdk-15.0.2\bin\java.dll
0x00007ff91fd60000 - 0x00007ff9205bf000 	C:\WINDOWS\System32\SHELL32.dll
0x00007ff91c260000 - 0x00007ff91cb5c000 	C:\WINDOWS\SYSTEM32\windows.storage.dll
0x00007ff91c120000 - 0x00007ff91c25f000 	C:\WINDOWS\SYSTEM32\wintypes.dll
0x00007ff91f950000 - 0x00007ff91fa44000 	C:\WINDOWS\System32\SHCORE.dll
0x00007ff91edc0000 - 0x00007ff91ee1e000 	C:\WINDOWS\System32\shlwapi.dll
0x00007ff91e230000 - 0x00007ff91e251000 	C:\WINDOWS\SYSTEM32\profapi.dll
0x00007ff8cb220000 - 0x00007ff8cb239000 	C:\Program Files\Java\jdk-15.0.2\bin\net.dll
0x00007ff913050000 - 0x00007ff913186000 	C:\WINDOWS\SYSTEM32\WINHTTP.dll
0x00007ff91d890000 - 0x00007ff91d8f9000 	C:\WINDOWS\system32\mswsock.dll
0x00007ff8c4fe0000 - 0x00007ff8c4ff2000 	C:\Program Files\Java\jdk-15.0.2\bin\nio.dll
0x00007ff8c4fc0000 - 0x00007ff8c4fd8000 	C:\Program Files\Java\jdk-15.0.2\bin\zip.dll
0x00007ff8e9950000 - 0x00007ff8e9960000 	C:\Program Files\Java\jdk-15.0.2\bin\verify.dll
0x00007ff8cb470000 - 0x00007ff8cb497000 	C:\Users\mayan\.gradle\native\e1d6ef7f7dcc3fd88c89a11ec53ec762bb8ba0a96d01ffa2cd45eb1d1d8dd5c5\windows-amd64\native-platform.dll
0x00007ff89cfe0000 - 0x00007ff89d124000 	C:\Users\mayan\.gradle\native\0d407fdbe67a94daf76414ababcb853783967236a71b16ec16e742cd7a986fd3\windows-amd64\native-platform-file-events.dll
0x00007ff8e9870000 - 0x00007ff8e9879000 	C:\Program Files\Java\jdk-15.0.2\bin\management.dll
0x00007ff8e9580000 - 0x00007ff8e958b000 	C:\Program Files\Java\jdk-15.0.2\bin\management_ext.dll
0x00007ff91db00000 - 0x00007ff91db1b000 	C:\WINDOWS\SYSTEM32\CRYPTSP.dll
0x00007ff91d380000 - 0x00007ff91d3b5000 	C:\WINDOWS\system32\rsaenh.dll
0x00007ff91d990000 - 0x00007ff91d9b8000 	C:\WINDOWS\SYSTEM32\USERENV.dll
0x00007ff91daf0000 - 0x00007ff91dafc000 	C:\WINDOWS\SYSTEM32\CRYPTBASE.dll
0x00007ff91cdb0000 - 0x00007ff91cddd000 	C:\WINDOWS\SYSTEM32\IPHLPAPI.DLL
0x00007ff91ef10000 - 0x00007ff91ef19000 	C:\WINDOWS\System32\NSI.dll
0x00007ff913330000 - 0x00007ff913349000 	C:\WINDOWS\SYSTEM32\dhcpcsvc6.DLL
0x00007ff913030000 - 0x00007ff91304f000 	C:\WINDOWS\SYSTEM32\dhcpcsvc.DLL
0x00007ff91cde0000 - 0x00007ff91ced8000 	C:\WINDOWS\SYSTEM32\DNSAPI.dll

dbghelp: loaded successfully - version: 4.0.5 - missing functions: none
symbol engine: initialized successfully - sym options: 0x614 - pdb path: .;C:\Program Files\Java\jdk-15.0.2\bin;C:\WINDOWS\SYSTEM32;C:\WINDOWS\WinSxS\amd64_microsoft.windows.common-controls_6595b64144ccf1df_6.0.22621.3672_none_2713b9d173822955;C:\Program Files\Java\jdk-15.0.2\bin\server;C:\Users\mayan\.gradle\native\e1d6ef7f7dcc3fd88c89a11ec53ec762bb8ba0a96d01ffa2cd45eb1d1d8dd5c5\windows-amd64;C:\Users\mayan\.gradle\native\0d407fdbe67a94daf76414ababcb853783967236a71b16ec16e742cd7a986fd3\windows-amd64

VM Arguments:
jvm_args: -XX:MaxMetaspaceSize=512m --add-opens=java.base/java.util=ALL-UNNAMED --add-opens=java.base/java.lang=ALL-UNNAMED --add-opens=java.base/java.lang.invoke=ALL-UNNAMED --add-opens=java.base/java.util=ALL-UNNAMED --add-opens=java.prefs/java.util.prefs=ALL-UNNAMED --add-opens=java.prefs/java.util.prefs=ALL-UNNAMED --add-opens=java.base/java.nio.charset=ALL-UNNAMED --add-opens=java.base/java.net=ALL-UNNAMED --add-opens=java.base/java.util.concurrent.atomic=ALL-UNNAMED -Xmx2048m -Dfile.encoding=windows-1252 -Duser.country=IN -Duser.language=en -Duser.variant 
java_command: org.gradle.launcher.daemon.bootstrap.GradleDaemon 7.5.1
java_class_path (initial): C:\Users\mayan\.gradle\wrapper\dists\gradle-7.5.1-all\1ehga6e77gqps5uk2kc5kf1vc\gradle-7.5.1\lib\gradle-launcher-7.5.1.jar
Launcher Type: SUN_STANDARD

[Global flags]
     intx CICompilerCount                          = 4                                         {product} {ergonomic}
   size_t CompressedClassSpaceSize                 = 528482304                                 {product} {ergonomic}
     uint ConcGCThreads                            = 2                                         {product} {ergonomic}
     uint G1ConcRefinementThreads                  = 8                                         {product} {ergonomic}
   size_t G1HeapRegionSize                         = 1048576                                   {product} {ergonomic}
    uintx GCDrainStackTargetSize                   = 64                                        {product} {ergonomic}
   size_t InitialHeapSize                          = 65011712                                  {product} {ergonomic}
   size_t MarkStackSize                            = 4194304                                   {product} {ergonomic}
   size_t MaxHeapSize                              = 2147483648                                {product} {command line}
   size_t MaxMetaspaceSize                         = 536870912                                 {product} {command line}
   size_t MaxNewSize                               = 1287651328                                {product} {ergonomic}
   size_t MinHeapDeltaBytes                        = 1048576                                   {product} {ergonomic}
   size_t MinHeapSize                              = 8388608                                   {product} {ergonomic}
    uintx NonNMethodCodeHeapSize                   = 5839372                                {pd product} {ergonomic}
    uintx NonProfiledCodeHeapSize                  = 122909434                              {pd product} {ergonomic}
    uintx ProfiledCodeHeapSize                     = 122909434                              {pd product} {ergonomic}
    uintx ReservedCodeCacheSize                    = 251658240                              {pd product} {ergonomic}
     bool SegmentedCodeCache                       = true                                      {product} {ergonomic}
   size_t SoftMaxHeapSize                          = 2147483648                             {manageable} {ergonomic}
     bool UseCompressedClassPointers               = true                                 {lp64_product} {ergonomic}
     bool UseCompressedOops                        = true                                 {lp64_product} {ergonomic}
     bool UseG1GC                                  = true                                      {product} {ergonomic}
     bool UseLargePagesIndividualAllocation        = false                                  {pd product} {ergonomic}

Logging:
Log output configuration:
 #0: stdout all=warning uptime,level,tags
 #1: stderr all=off uptime,level,tags

Environment Variables:
CLASSPATH=D:\Project\ExpenseTracker\ExpenseTrackerFrontend\android\\gradle\wrapper\gradle-wrapper.jar
PATH=D:\Project\ExpenseTracker\ExpenseTrackerFrontend\android\node_modules\.bin;D:\Project\ExpenseTracker\ExpenseTrackerFrontend\node_modules\.bin;D:\Project\ExpenseTracker\node_modules\.bin;D:\Project\node_modules\.bin;D:\node_modules\.bin;C:\Program Files\nodejs;D:\Project\ExpenseTracker\ExpenseTrackerFrontend\node_modules\.bin;D:\Project\ExpenseTracker\ExpenseTrackerFrontend\node_modules\.bin;D:\Project\ExpenseTracker\node_modules\.bin;D:\Project\node_modules\.bin;D:\node_modules\.bin;C:\Users\mayan\AppData\Roaming\nvm\v19.0.1\node_modules\npm\node_modules\@npmcli\run-script\lib\node-gyp-bin;D:\Project\ExpenseTracker\ExpenseTrackerFrontend\node_modules\.bin;D:\Project\ExpenseTracker\node_modules\.bin;D:\Project\node_modules\.bin;D:\node_modules\.bin;C:\Program Files\nodejs;D:\Project\ExpenseTracker\ExpenseTrackerFrontend\node_modules\react-native\scripts\node_modules\.bin;D:\Project\ExpenseTracker\ExpenseTrackerFrontend\node_modules\react-native\node_modules\.bin;D:\Project\ExpenseTracker\ExpenseTrackerFrontend\node_modules\node_modules\.bin;D:\Project\ExpenseTracker\ExpenseTrackerFrontend\node_modules\.bin;D:\Project\ExpenseTracker\node_modules\.bin;D:\Project\node_modules\.bin;D:\node_modules\.bin;C:\Program Files\nodejs;D:\Project\ExpenseTracker\ExpenseTrackerFrontend\node_modules\.bin;D:\Project\ExpenseTracker\ExpenseTrackerFrontend\node_modules\.bin;D:\Project\ExpenseTracker\node_modules\.bin;D:\Project\node_modules\.bin;D:\node_modules\.bin;C:\Users\mayan\AppData\Roaming\nvm\v19.0.1\node_modules\npm\node_modules\@npmcli\run-script\lib\node-gyp-bin;C:\Program Files\Common Files\Oracle\Java\javapath;C:\Windows\system32;C:\Windows;C:\Windows\System32\Wbem;C:\Windows\System32\WindowsPowerShell\v1.0\;C:\Windows\System32\OpenSSH\;C:\Program Files (x86)\NVIDIA Corporation\PhysX\Common;C:\Program Files\NVIDIA Corporation\NVIDIA NvDLISR;C:\MinGW\bin;C:\Program Files\Java\jdk-15.0.2\bin;C:\Program Files\Git\cmd;C:\Program Files\Java\jdk-9.0.1\bin;C:\WINDOWS\system32;C:\
USERNAME=mayank
LANG=en_US.UTF-8
OS=Windows_NT
PROCESSOR_IDENTIFIER=Intel64 Family 6 Model 165 Stepping 2, GenuineIntel



---------------  S Y S T E M  ---------------

OS:
 Windows 10 , 64 bit Build 22621 (10.0.22621.3672)
OS uptime: 1 days 1:23 hours

CPU: total 8 (initial active 8) (4 cores per cpu, 2 threads per core) family 6 model 165 stepping 2 microcode 0xf8, cmov, cx8, fxsr, mmx, sse, sse2, sse3, ssse3, sse4.1, sse4.2, popcnt, vzeroupper, avx, avx2, aes, clmul, erms, 3dnowpref, lzcnt, ht, tsc, tscinvbit, bmi1, bmi2, adx, fma, clflush, clflushopt

Memory: 4k page, system-wide physical 3889M (24M free)
TotalPageFile size 15665M (AvailPageFile size 68M)
current process WorkingSet (physical memory assigned to process): 165M, peak: 171M
current process commit charge ("private bytes"): 238M, peak: 238M

vm_info: Java HotSpot(TM) 64-Bit Server VM (15.0.2+7-27) for windows-amd64 JRE (15.0.2+7-27), built on Dec  7 2020 20:07:01 by "mach5one" with unknown MS VC++:1925

END.
