#
# There is insufficient memory for the Java Runtime Environment to continue.
# Native memory allocation (malloc) failed to allocate 476976 bytes for Chunk::new
# Possible reasons:
#   The system is out of physical RAM or swap space
#   The process is running with CompressedOops enabled, and the Java Heap may be blocking the growth of the native heap
# Possible solutions:
#   Reduce memory load on the system
#   Increase physical memory or swap space
#   Check if swap backing store is full
#   Decrease Java heap size (-Xmx/-Xms)
#   Decrease number of Java threads
#   Decrease Java thread stack sizes (-Xss)
#   Set larger code cache with -XX:ReservedCodeCacheSize=
#   JVM is running with Unscaled Compressed Oops mode in which the Java heap is
#     placed in the first 4GB address space. The Java Heap base address is the
#     maximum limit for the native heap growth. Please use -XX:HeapBaseMinAddress
#     to set the Java Heap base and to place the Java Heap above 4GB virtual address.
# This output file may be truncated or incomplete.
#
#  Out of Memory Error (./open/src/hotspot/share/memory/arena.cpp:195), pid=22072, tid=22384
#
# JRE version: Java(TM) SE Runtime Environment (15.0.2+7) (build 15.0.2+7-27)
# Java VM: Java HotSpot(TM) 64-Bit Server VM (15.0.2+7-27, mixed mode, sharing, tiered, compressed oops, g1 gc, windows-amd64)
# No core dump will be written. Minidumps are not enabled by default on client versions of Windows
#

---------------  S U M M A R Y ------------

Command Line: -XX:MaxMetaspaceSize=512m --add-opens=java.base/java.util=ALL-UNNAMED --add-opens=java.base/java.lang=ALL-UNNAMED --add-opens=java.base/java.lang.invoke=ALL-UNNAMED --add-opens=java.base/java.util=ALL-UNNAMED --add-opens=java.prefs/java.util.prefs=ALL-UNNAMED --add-opens=java.prefs/java.util.prefs=ALL-UNNAMED --add-opens=java.base/java.nio.charset=ALL-UNNAMED --add-opens=java.base/java.net=ALL-UNNAMED --add-opens=java.base/java.util.concurrent.atomic=ALL-UNNAMED -Xmx2048m -Dfile.encoding=windows-1252 -Duser.country=IN -Duser.language=en -Duser.variant org.gradle.launcher.daemon.bootstrap.GradleDaemon 7.5.1

Host: Intel(R) Core(TM) i5-10300H CPU @ 2.50GHz, 8 cores, 3G,  Windows 10 , 64 bit Build 22621 (10.0.22621.3672)
Time: Thu Jul 18 16:07:00 2024 India Standard Time elapsed time: 45.965530 seconds (0d 0h 0m 45s)

---------------  T H R E A D  ---------------

Current thread (0x000001b6aa5028b0):  JavaThread "C2 CompilerThread0" daemon [_thread_in_native, id=22384, stack(0x0000006529000000,0x0000006529100000)]


Current CompileTask:
C2:  45965 3617       4       org.codehaus.groovy.reflection.CachedMethod::compareTo (25 bytes)

Stack: [0x0000006529000000,0x0000006529100000]
Native frames: (J=compiled Java code, j=interpreted, Vv=VM code, C=native code)
V  [jvm.dll+0x62ae9a]
V  [jvm.dll+0x7817a9]
V  [jvm.dll+0x782f03]
V  [jvm.dll+0x783563]
V  [jvm.dll+0x216325]
V  [jvm.dll+0x97f3a]
V  [jvm.dll+0x9861c]
V  [jvm.dll+0x279f9f]
V  [jvm.dll+0x540794]
V  [jvm.dll+0x1f2cd4]
V  [jvm.dll+0x1ebff3]
V  [jvm.dll+0x1e9867]
V  [jvm.dll+0x178567]
V  [jvm.dll+0x1f9225]
V  [jvm.dll+0x1f72cc]
V  [jvm.dll+0x74495d]
V  [jvm.dll+0x73d75a]
V  [jvm.dll+0x629c56]
C  [ucrtbase.dll+0x29333]
C  [KERNEL32.DLL+0x1257d]
C  [ntdll.dll+0x5af28]


---------------  P R O C E S S  ---------------

Threads class SMR info:
_java_thread_list=0x000001b6ad6d5c40, length=35, elements={
0x000001b689a0fc50, 0x000001b6aa4e1f20, 0x000001b6aa4e2af0, 0x000001b6aa4fb970,
0x000001b6aa500250, 0x000001b6aa501b20, 0x000001b6aa5028b0, 0x000001b6aa505360,
0x000001b6aa508160, 0x000001b6aaf4ef50, 0x000001b6aaf9b5d0, 0x000001b6aca57330,
0x000001b6abcfc150, 0x000001b6ac910e00, 0x000001b6ab486540, 0x000001b6ac8ec400,
0x000001b6ad949010, 0x000001b6acb68300, 0x000001b6aa56b070, 0x000001b6aa569d30,
0x000001b6aa56a6d0, 0x000001b6aa569860, 0x000001b6aa56bee0, 0x000001b6aa56a200,
0x000001b6aa56b540, 0x000001b6aa56d220, 0x000001b6aa56aba0, 0x000001b6aa56ba10,
0x000001b6aa56c3b0, 0x000001b6aa56c880, 0x000001b6aa56cd50, 0x000001b6af5891f0,
0x000001b6af58b3a0, 0x000001b6af58c6e0, 0x000001b6af58b870
}

Java Threads: ( => current thread )
  0x000001b689a0fc50 JavaThread "main" [_thread_blocked, id=17400, stack(0x0000006528400000,0x0000006528500000)]
  0x000001b6aa4e1f20 JavaThread "Reference Handler" daemon [_thread_blocked, id=4244, stack(0x0000006528b00000,0x0000006528c00000)]
  0x000001b6aa4e2af0 JavaThread "Finalizer" daemon [_thread_blocked, id=11564, stack(0x0000006528c00000,0x0000006528d00000)]
  0x000001b6aa4fb970 JavaThread "Signal Dispatcher" daemon [_thread_blocked, id=5364, stack(0x0000006528d00000,0x0000006528e00000)]
  0x000001b6aa500250 JavaThread "Attach Listener" daemon [_thread_blocked, id=14820, stack(0x0000006528e00000,0x0000006528f00000)]
  0x000001b6aa501b20 JavaThread "Service Thread" daemon [_thread_blocked, id=14152, stack(0x0000006528f00000,0x0000006529000000)]
=>0x000001b6aa5028b0 JavaThread "C2 CompilerThread0" daemon [_thread_in_native, id=22384, stack(0x0000006529000000,0x0000006529100000)]
  0x000001b6aa505360 JavaThread "C1 CompilerThread0" daemon [_thread_blocked, id=20956, stack(0x0000006529100000,0x0000006529200000)]
  0x000001b6aa508160 JavaThread "Sweeper thread" daemon [_thread_blocked, id=17904, stack(0x0000006529200000,0x0000006529300000)]
  0x000001b6aaf4ef50 JavaThread "Common-Cleaner" daemon [_thread_blocked, id=10160, stack(0x0000006529300000,0x0000006529400000)]
  0x000001b6aaf9b5d0 JavaThread "Notification Thread" daemon [_thread_blocked, id=8976, stack(0x0000006529400000,0x0000006529500000)]
  0x000001b6aca57330 JavaThread "Daemon health stats" [_thread_blocked, id=2500, stack(0x0000006529800000,0x0000006529900000)]
  0x000001b6abcfc150 JavaThread "Incoming local TCP Connector on port 52341" [_thread_in_native, id=16484, stack(0x0000006529900000,0x0000006529a00000)]
  0x000001b6ac910e00 JavaThread "Daemon periodic checks" [_thread_blocked, id=9292, stack(0x0000006529a00000,0x0000006529b00000)]
  0x000001b6ab486540 JavaThread "Daemon" [_thread_blocked, id=21112, stack(0x0000006529b00000,0x0000006529c00000)]
  0x000001b6ac8ec400 JavaThread "Handler for socket connection from /127.0.0.1:52341 to /127.0.0.1:52342" [_thread_in_native, id=11116, stack(0x0000006529c00000,0x0000006529d00000)]
  0x000001b6ad949010 JavaThread "Cancel handler" [_thread_blocked, id=8892, stack(0x0000006529d00000,0x0000006529e00000)]
  0x000001b6acb68300 JavaThread "Daemon worker" [_thread_blocked, id=11060, stack(0x0000006529e00000,0x0000006529f00000)]
  0x000001b6aa56b070 JavaThread "Asynchronous log dispatcher for DefaultDaemonConnection: socket connection from /127.0.0.1:52341 to /127.0.0.1:52342" [_thread_blocked, id=13136, stack(0x0000006529f00000,0x000000652a000000)]
  0x000001b6aa569d30 JavaThread "Stdin handler" [_thread_blocked, id=18624, stack(0x000000652a000000,0x000000652a100000)]
  0x000001b6aa56a6d0 JavaThread "Daemon client event forwarder" [_thread_blocked, id=20616, stack(0x000000652a100000,0x000000652a200000)]
  0x000001b6aa569860 JavaThread "Cache worker for journal cache (C:\Users\mayan\.gradle\caches\journal-1)" [_thread_blocked, id=9836, stack(0x000000652a200000,0x000000652a300000)]
  0x000001b6aa56bee0 JavaThread "File lock request listener" [_thread_in_native, id=22196, stack(0x000000652a900000,0x000000652aa00000)]
  0x000001b6aa56a200 JavaThread "Cache worker for file hash cache (C:\Users\mayan\.gradle\caches\7.5.1\fileHashes)" [_thread_blocked, id=6508, stack(0x000000652aa00000,0x000000652ab00000)]
  0x000001b6aa56b540 JavaThread "File lock release action executor" [_thread_blocked, id=18208, stack(0x000000652ab00000,0x000000652ac00000)]
  0x000001b6aa56d220 JavaThread "File watcher server" daemon [_thread_in_native, id=10624, stack(0x000000652ac00000,0x000000652ad00000)]
  0x000001b6aa56aba0 JavaThread "File watcher consumer" daemon [_thread_blocked, id=10984, stack(0x000000652ad00000,0x000000652ae00000)]
  0x000001b6aa56ba10 JavaThread "Cache worker for checksums cache (D:\Project\ExpenseTracker\ExpenseTrackerFrontend\android\.gradle\7.5.1\checksums)" [_thread_blocked, id=21684, stack(0x000000652ae00000,0x000000652af00000)]
  0x000001b6aa56c3b0 JavaThread "Cache worker for cache directory md-rule (C:\Users\mayan\.gradle\caches\7.5.1\md-rule)" [_thread_blocked, id=3724, stack(0x000000652af00000,0x000000652b000000)]
  0x000001b6aa56c880 JavaThread "Cache worker for file content cache (C:\Users\mayan\.gradle\caches\7.5.1\fileContent)" [_thread_blocked, id=17084, stack(0x000000652b000000,0x000000652b100000)]
  0x000001b6aa56cd50 JavaThread "Cache worker for file hash cache (D:\Project\ExpenseTracker\ExpenseTrackerFrontend\android\.gradle\7.5.1\fileHashes)" [_thread_blocked, id=7316, stack(0x000000652b200000,0x000000652b300000)]
  0x000001b6af5891f0 JavaThread "Cache worker for cache directory md-supplier (C:\Users\mayan\.gradle\caches\7.5.1\md-supplier)" [_thread_blocked, id=13108, stack(0x000000652b300000,0x000000652b400000)]
  0x000001b6af58b3a0 JavaThread "Cache worker for execution history cache (C:\Users\mayan\.gradle\caches\7.5.1\executionHistory)" [_thread_blocked, id=19616, stack(0x000000652b400000,0x000000652b500000)]
  0x000001b6af58c6e0 JavaThread "jar transforms" [_thread_blocked, id=14172, stack(0x000000652b500000,0x000000652b600000)]
  0x000001b6af58b870 JavaThread "jar transforms Thread 2" [_thread_blocked, id=14492, stack(0x000000652b600000,0x000000652b700000)]

Other Threads:
  0x000001b6aa4dd690 VMThread "VM Thread" [stack: 0x0000006528a00000,0x0000006528b00000] [id=15956]
  0x000001b6aaf9baa0 WatcherThread [stack: 0x0000006529500000,0x0000006529600000] [id=22004]
  0x000001b689a4ed60 GCTaskThread "GC Thread#0" [stack: 0x0000006528500000,0x0000006528600000] [id=9308]
  0x000001b6abaaba30 GCTaskThread "GC Thread#1" [stack: 0x0000006529600000,0x0000006529700000] [id=15168]
  0x000001b6abaa8d90 GCTaskThread "GC Thread#2" [stack: 0x000000652a300000,0x000000652a400000] [id=19180]
  0x000001b6abaaaa40 GCTaskThread "GC Thread#3" [stack: 0x000000652a400000,0x000000652a500000] [id=11380]
  0x000001b6abaaa0b0 GCTaskThread "GC Thread#4" [stack: 0x000000652a500000,0x000000652a600000] [id=1152]
  0x000001b6abaaa710 GCTaskThread "GC Thread#5" [stack: 0x000000652a600000,0x000000652a700000] [id=2344]
  0x000001b6abaaad70 GCTaskThread "GC Thread#6" [stack: 0x000000652a700000,0x000000652a800000] [id=10076]
  0x000001b6abaac090 GCTaskThread "GC Thread#7" [stack: 0x000000652a800000,0x000000652a900000] [id=8896]
  0x000001b689a5fbf0 ConcurrentGCThread "G1 Main Marker" [stack: 0x0000006528600000,0x0000006528700000] [id=13644]
  0x000001b689a60520 ConcurrentGCThread "G1 Conc#0" [stack: 0x0000006528700000,0x0000006528800000] [id=21888]
  0x000001b6abaab700 ConcurrentGCThread "G1 Conc#1" [stack: 0x000000652b100000,0x000000652b200000] [id=19500]
  0x000001b689ac44f0 ConcurrentGCThread "G1 Refine#0" [stack: 0x0000006528800000,0x0000006528900000] [id=19004]
  0x000001b6aba060c0 ConcurrentGCThread "G1 Refine#1" [stack: 0x0000006529700000,0x0000006529800000] [id=17004]
  0x000001b689ac4e30 ConcurrentGCThread "G1 Young RemSet Sampling" [stack: 0x0000006528900000,0x0000006528a00000] [id=13304]

Threads with active compile tasks:
C2 CompilerThread0    46194 3617       4       org.codehaus.groovy.reflection.CachedMethod::compareTo (25 bytes)

VM state: not at safepoint (normal execution)

VM Mutex/Monitor currently owned by a thread: None

OutOfMemory and StackOverflow Exception counts:
OutOfMemoryError java_heap_errors=1
LinkageErrors=68

Heap address: 0x0000000080000000, size: 2048 MB, Compressed Oops mode: 32-bit
CDS archive(s) mapped at: [0x0000000800000000-0x0000000800b50000-0x0000000800b50000), size 11862016, SharedBaseAddress: 0x0000000800000000, ArchiveRelocationMode: 0.
Compressed class space mapped at: 0x0000000800b50000-0x0000000820350000, size: 528482304
Narrow klass base: 0x0000000800000000, Narrow klass shift: 3, Narrow klass range: 0x100000000

GC Precious Log:
 CPUs: 8 total, 8 available
 Memory: 3889M
 Large Page Support: Disabled
 NUMA Support: Disabled
 Compressed Oops: Enabled (32-bit)
 Heap Region Size: 1M
 Heap Min Capacity: 8M
 Heap Initial Capacity: 62M
 Heap Max Capacity: 2G
 Pre-touch: Disabled
 Parallel Workers: 8
 Concurrent Workers: 2
 Concurrent Refinement Workers: 8
 Periodic GC: Disabled

Heap:
 garbage-first heap   total 63488K, used 44504K [0x0000000080000000, 0x0000000100000000)
  region size 1024K, 21 young (21504K), 4 survivors (4096K)
 Metaspace       used 30696K, capacity 31179K, committed 31536K, reserved 544768K
  class space    used 4188K, capacity 4375K, committed 4480K, reserved 516096K

Heap Regions: E=young(eden), S=young(survivor), O=old, HS=humongous(starts), HC=humongous(continues), CS=collection set, F=free, OA=open archive, CA=closed archive, TAMS=top-at-mark-start (previous, next)
|   0|0x0000000080000000, 0x0000000080100000, 0x0000000080100000|100%| O|  |TAMS 0x0000000080100000, 0x0000000080000000| Untracked 
|   1|0x0000000080100000, 0x0000000080200000, 0x0000000080200000|100%| O|  |TAMS 0x0000000080200000, 0x0000000080100000| Untracked 
|   2|0x0000000080200000, 0x0000000080300000, 0x0000000080300000|100%| O|  |TAMS 0x0000000080300000, 0x0000000080200000| Untracked 
|   3|0x0000000080300000, 0x0000000080400000, 0x0000000080400000|100%|HS|  |TAMS 0x0000000080400000, 0x0000000080300000| Complete 
|   4|0x0000000080400000, 0x0000000080500000, 0x0000000080500000|100%|HC|  |TAMS 0x0000000080500000, 0x0000000080400000| Complete 
|   5|0x0000000080500000, 0x0000000080600000, 0x0000000080600000|100%|HC|  |TAMS 0x0000000080600000, 0x0000000080500000| Complete 
|   6|0x0000000080600000, 0x0000000080700000, 0x0000000080700000|100%| O|  |TAMS 0x0000000080700000, 0x0000000080600000| Untracked 
|   7|0x0000000080700000, 0x0000000080800000, 0x0000000080800000|100%| O|  |TAMS 0x0000000080800000, 0x0000000080700000| Untracked 
|   8|0x0000000080800000, 0x0000000080900000, 0x0000000080900000|100%| O|  |TAMS 0x0000000080900000, 0x0000000080800000| Untracked 
|   9|0x0000000080900000, 0x0000000080a00000, 0x0000000080a00000|100%| O|  |TAMS 0x0000000080a00000, 0x0000000080900000| Untracked 
|  10|0x0000000080a00000, 0x0000000080b00000, 0x0000000080b00000|100%| O|  |TAMS 0x0000000080b00000, 0x0000000080a00000| Untracked 
|  11|0x0000000080b00000, 0x0000000080c00000, 0x0000000080c00000|100%| O|  |TAMS 0x0000000080c00000, 0x0000000080b00000| Untracked 
|  12|0x0000000080c00000, 0x0000000080d00000, 0x0000000080d00000|100%| O|  |TAMS 0x0000000080d00000, 0x0000000080c00000| Untracked 
|  13|0x0000000080d00000, 0x0000000080e00000, 0x0000000080e00000|100%| O|  |TAMS 0x0000000080e00000, 0x0000000080d00000| Untracked 
|  14|0x0000000080e00000, 0x0000000080f00000, 0x0000000080f00000|100%| O|  |TAMS 0x0000000080f00000, 0x0000000080e00000| Untracked 
|  15|0x0000000080f00000, 0x0000000081000000, 0x0000000081000000|100%| O|  |TAMS 0x0000000081000000, 0x0000000080f00000| Untracked 
|  16|0x0000000081000000, 0x0000000081100000, 0x0000000081100000|100%| O|  |TAMS 0x00000000810abc00, 0x0000000081000000| Untracked 
|  17|0x0000000081100000, 0x0000000081200000, 0x0000000081200000|100%| O|  |TAMS 0x0000000081100000, 0x0000000081100000| Untracked 
|  18|0x0000000081200000, 0x0000000081300000, 0x0000000081300000|100%| O|  |TAMS 0x0000000081200000, 0x0000000081200000| Untracked 
|  19|0x0000000081300000, 0x0000000081400000, 0x0000000081400000|100%| O|  |TAMS 0x0000000081300000, 0x0000000081300000| Untracked 
|  20|0x0000000081400000, 0x0000000081500000, 0x0000000081500000|100%| O|  |TAMS 0x0000000081400000, 0x0000000081400000| Untracked 
|  21|0x0000000081500000, 0x0000000081576000, 0x0000000081600000| 46%| O|  |TAMS 0x0000000081500000, 0x0000000081500000| Untracked 
|  22|0x0000000081600000, 0x0000000081700000, 0x0000000081700000|100%|HS|  |TAMS 0x0000000081600000, 0x0000000081600000| Complete 
|  23|0x0000000081700000, 0x0000000081800000, 0x0000000081800000|100%|HS|  |TAMS 0x0000000081700000, 0x0000000081700000| Complete 
|  24|0x0000000081800000, 0x0000000081900000, 0x0000000081900000|100%|HC|  |TAMS 0x0000000081800000, 0x0000000081800000| Complete 
|  25|0x0000000081900000, 0x0000000081900000, 0x0000000081a00000|  0%| F|  |TAMS 0x0000000081900000, 0x0000000081900000| Untracked 
|  26|0x0000000081a00000, 0x0000000081a00000, 0x0000000081b00000|  0%| F|  |TAMS 0x0000000081a00000, 0x0000000081a00000| Untracked 
|  27|0x0000000081b00000, 0x0000000081b00000, 0x0000000081c00000|  0%| F|  |TAMS 0x0000000081b00000, 0x0000000081b00000| Untracked 
|  28|0x0000000081c00000, 0x0000000081d00000, 0x0000000081d00000|100%| S|CS|TAMS 0x0000000081c00000, 0x0000000081c00000| Complete 
|  29|0x0000000081d00000, 0x0000000081d00000, 0x0000000081e00000|  0%| F|  |TAMS 0x0000000081d00000, 0x0000000081d00000| Untracked 
|  30|0x0000000081e00000, 0x0000000081e00000, 0x0000000081f00000|  0%| F|  |TAMS 0x0000000081e00000, 0x0000000081e00000| Untracked 
|  31|0x0000000081f00000, 0x0000000081f00000, 0x0000000082000000|  0%| F|  |TAMS 0x0000000081f00000, 0x0000000081f00000| Untracked 
|  32|0x0000000082000000, 0x0000000082000000, 0x0000000082100000|  0%| F|  |TAMS 0x0000000082000000, 0x0000000082000000| Untracked 
|  33|0x0000000082100000, 0x0000000082200000, 0x0000000082200000|100%| S|CS|TAMS 0x0000000082100000, 0x0000000082100000| Complete 
|  34|0x0000000082200000, 0x0000000082300000, 0x0000000082300000|100%| S|CS|TAMS 0x0000000082200000, 0x0000000082200000| Complete 
|  35|0x0000000082300000, 0x0000000082400000, 0x0000000082400000|100%| S|CS|TAMS 0x0000000082300000, 0x0000000082300000| Complete 
|  36|0x0000000082400000, 0x0000000082400000, 0x0000000082500000|  0%| F|  |TAMS 0x0000000082400000, 0x0000000082400000| Untracked 
|  37|0x0000000082500000, 0x0000000082500000, 0x0000000082600000|  0%| F|  |TAMS 0x0000000082500000, 0x0000000082500000| Untracked 
|  38|0x0000000082600000, 0x0000000082600000, 0x0000000082700000|  0%| F|  |TAMS 0x0000000082600000, 0x0000000082600000| Untracked 
|  39|0x0000000082700000, 0x0000000082700000, 0x0000000082800000|  0%| F|  |TAMS 0x0000000082700000, 0x0000000082700000| Untracked 
|  40|0x0000000082800000, 0x0000000082800000, 0x0000000082900000|  0%| F|  |TAMS 0x0000000082800000, 0x0000000082800000| Untracked 
|  41|0x0000000082900000, 0x0000000082900000, 0x0000000082a00000|  0%| F|  |TAMS 0x0000000082900000, 0x0000000082900000| Untracked 
|  42|0x0000000082a00000, 0x0000000082a00000, 0x0000000082b00000|  0%| F|  |TAMS 0x0000000082a00000, 0x0000000082a00000| Untracked 
|  43|0x0000000082b00000, 0x0000000082b00000, 0x0000000082c00000|  0%| F|  |TAMS 0x0000000082b00000, 0x0000000082b00000| Untracked 
|  44|0x0000000082c00000, 0x0000000082c00000, 0x0000000082d00000|  0%| F|  |TAMS 0x0000000082c00000, 0x0000000082c00000| Untracked 
|  45|0x0000000082d00000, 0x0000000082dfa3a8, 0x0000000082e00000| 97%| E|  |TAMS 0x0000000082d00000, 0x0000000082d00000| Complete 
|  46|0x0000000082e00000, 0x0000000082f00000, 0x0000000082f00000|100%| E|  |TAMS 0x0000000082e00000, 0x0000000082e00000| Complete 
|  47|0x0000000082f00000, 0x0000000083000000, 0x0000000083000000|100%| E|CS|TAMS 0x0000000082f00000, 0x0000000082f00000| Complete 
|  48|0x0000000083000000, 0x0000000083100000, 0x0000000083100000|100%| E|CS|TAMS 0x0000000083000000, 0x0000000083000000| Complete 
|  49|0x0000000083100000, 0x0000000083200000, 0x0000000083200000|100%| E|CS|TAMS 0x0000000083100000, 0x0000000083100000| Complete 
|  50|0x0000000083200000, 0x0000000083300000, 0x0000000083300000|100%| E|CS|TAMS 0x0000000083200000, 0x0000000083200000| Complete 
|  51|0x0000000083300000, 0x0000000083400000, 0x0000000083400000|100%| E|CS|TAMS 0x0000000083300000, 0x0000000083300000| Complete 
|  52|0x0000000083400000, 0x0000000083500000, 0x0000000083500000|100%| E|CS|TAMS 0x0000000083400000, 0x0000000083400000| Complete 
|  53|0x0000000083500000, 0x0000000083600000, 0x0000000083600000|100%| E|CS|TAMS 0x0000000083500000, 0x0000000083500000| Complete 
|  54|0x0000000083600000, 0x0000000083700000, 0x0000000083700000|100%| E|CS|TAMS 0x0000000083600000, 0x0000000083600000| Complete 
|  55|0x0000000083700000, 0x0000000083800000, 0x0000000083800000|100%| E|CS|TAMS 0x0000000083700000, 0x0000000083700000| Complete 
|  56|0x0000000083800000, 0x0000000083900000, 0x0000000083900000|100%| E|CS|TAMS 0x0000000083800000, 0x0000000083800000| Complete 
|  57|0x0000000083900000, 0x0000000083a00000, 0x0000000083a00000|100%| E|CS|TAMS 0x0000000083900000, 0x0000000083900000| Complete 
|  58|0x0000000083a00000, 0x0000000083b00000, 0x0000000083b00000|100%| E|CS|TAMS 0x0000000083a00000, 0x0000000083a00000| Complete 
|  59|0x0000000083b00000, 0x0000000083c00000, 0x0000000083c00000|100%| E|CS|TAMS 0x0000000083b00000, 0x0000000083b00000| Complete 
|  60|0x0000000083c00000, 0x0000000083d00000, 0x0000000083d00000|100%| E|CS|TAMS 0x0000000083c00000, 0x0000000083c00000| Complete 
|  61|0x0000000083d00000, 0x0000000083e00000, 0x0000000083e00000|100%| E|CS|TAMS 0x0000000083d00000, 0x0000000083d00000| Complete 

Card table byte_map: [0x000001b6a3270000,0x000001b6a3670000] _byte_map_base: 0x000001b6a2e70000

Marking Bits (Prev, Next): (CMBitMap*) 0x000001b689a4f2d0, (CMBitMap*) 0x000001b689a4f290
 Prev Bits: [0x000001b6a5a70000, 0x000001b6a7a70000)
 Next Bits: [0x000001b6a3a70000, 0x000001b6a5a70000)

Polling page: 0x000001b689ad0000

Metaspace:

Usage:
  Non-class:     26.18 MB capacity,    25.89 MB ( 99%) used,   256.22 KB ( <1%) free+waste,    40.06 KB ( <1%) overhead. 
      Class:      4.27 MB capacity,     4.09 MB ( 96%) used,   168.91 KB (  4%) free+waste,    17.38 KB ( <1%) overhead. 
       Both:     30.45 MB capacity,    29.98 MB ( 98%) used,   425.13 KB (  1%) free+waste,    57.44 KB ( <1%) overhead. 

Virtual space:
  Non-class space:       28.00 MB reserved,      26.42 MB ( 94%) committed 
      Class space:      504.00 MB reserved,       4.38 MB ( <1%) committed 
             Both:      532.00 MB reserved,      30.80 MB (  6%) committed 

Chunk freelists:
   Non-Class:  60.00 KB
       Class:  9.00 KB
        Both:  69.00 KB

MaxMetaspaceSize: 512.00 MB
CompressedClassSpaceSize: 504.00 MB

CodeHeap 'non-profiled nmethods': size=120000Kb used=1861Kb max_used=1861Kb free=118138Kb
 bounds [0x000001b69aee0000, 0x000001b69b150000, 0x000001b6a2410000]
CodeHeap 'profiled nmethods': size=120000Kb used=7313Kb max_used=7313Kb free=112687Kb
 bounds [0x000001b6939b0000, 0x000001b6940e0000, 0x000001b69aee0000]
CodeHeap 'non-nmethods': size=5760Kb used=1601Kb max_used=1647Kb free=4158Kb
 bounds [0x000001b693410000, 0x000001b693680000, 0x000001b6939b0000]
 total_blobs=4292 nmethods=3660 adapters=544
 compilation: enabled
              stopped_count=0, restarted_count=0
 full_count=0

Compilation events (20 events):
Event: 45.834 Thread 0x000001b6aa505360 3624       3       com.sun.beans.TypeResolver::resolveInClass (9 bytes)
Event: 45.835 Thread 0x000001b6aa505360 nmethod 3624 0x000001b6940bf390 code [0x000001b6940bf5c0, 0x000001b6940bfd38]
Event: 45.835 Thread 0x000001b6aa505360 3637       3       org.codehaus.groovy.reflection.CachedClass::getName (8 bytes)
Event: 45.835 Thread 0x000001b6aa505360 nmethod 3637 0x000001b6940bff90 code [0x000001b6940c0140, 0x000001b6940c0348]
Event: 45.835 Thread 0x000001b6aa505360 3636       3       java.util.Hashtable$Enumerator::hasNext (5 bytes)
Event: 45.835 Thread 0x000001b6aa505360 nmethod 3636 0x000001b6940c0490 code [0x000001b6940c0640, 0x000001b6940c0768]
Event: 45.835 Thread 0x000001b6aa505360 3633       3       java.lang.reflect.Method::getGenericInfo (27 bytes)
Event: 45.836 Thread 0x000001b6aa505360 nmethod 3633 0x000001b6940c0810 code [0x000001b6940c0a80, 0x000001b6940c18b8]
Event: 45.836 Thread 0x000001b6aa505360 3639       1       groovy.lang.MetaProperty::getType (5 bytes)
Event: 45.836 Thread 0x000001b6aa505360 nmethod 3639 0x000001b69b0af810 code [0x000001b69b0af9a0, 0x000001b69b0afa58]
Event: 45.836 Thread 0x000001b6aa505360 3640       1       groovy.lang.MetaBeanProperty::getGetter (5 bytes)
Event: 45.836 Thread 0x000001b6aa505360 nmethod 3640 0x000001b69b0afb10 code [0x000001b69b0afca0, 0x000001b69b0afd58]
Event: 45.836 Thread 0x000001b6aa505360 3641       1       groovy.lang.MetaBeanProperty::getField (5 bytes)
Event: 45.836 Thread 0x000001b6aa505360 nmethod 3641 0x000001b69b0afe10 code [0x000001b69b0affa0, 0x000001b69b0b0058]
Event: 45.836 Thread 0x000001b6aa505360 3638       1       java.lang.reflect.Field::getType (5 bytes)
Event: 45.836 Thread 0x000001b6aa505360 nmethod 3638 0x000001b69b0b0110 code [0x000001b69b0b02a0, 0x000001b69b0b0358]
Event: 45.836 Thread 0x000001b6aa505360 3629       3       java.lang.reflect.Method::getGenericExceptionTypes (5 bytes)
Event: 45.838 Thread 0x000001b6aa505360 nmethod 3629 0x000001b6940c1d90 code [0x000001b6940c2040, 0x000001b6940c3158]
Event: 45.838 Thread 0x000001b6aa505360 3630       1       java.util.TreeMap::size (5 bytes)
Event: 45.838 Thread 0x000001b6aa505360 nmethod 3630 0x000001b69b0b0410 code [0x000001b69b0b05a0, 0x000001b69b0b0658]

GC Heap History (18 events):
Event: 3.647 GC heap before
{Heap before GC invocations=0 (full 0):
 garbage-first heap   total 63488K, used 28672K [0x0000000080000000, 0x0000000100000000)
  region size 1024K, 23 young (23552K), 0 survivors (0K)
 Metaspace       used 3413K, capacity 6166K, committed 6400K, reserved 524288K
  class space    used 428K, capacity 710K, committed 768K, reserved 516096K
}
Event: 3.854 GC heap after
{Heap after GC invocations=1 (full 0):
 garbage-first heap   total 63488K, used 9835K [0x0000000080000000, 0x0000000100000000)
  region size 1024K, 3 young (3072K), 3 survivors (3072K)
 Metaspace       used 3413K, capacity 6166K, committed 6400K, reserved 524288K
  class space    used 428K, capacity 710K, committed 768K, reserved 516096K
}
Event: 22.159 GC heap before
{Heap before GC invocations=1 (full 0):
 garbage-first heap   total 63488K, used 27243K [0x0000000080000000, 0x0000000100000000)
  region size 1024K, 20 young (20480K), 3 survivors (3072K)
 Metaspace       used 4321K, capacity 6681K, committed 7040K, reserved 524288K
  class space    used 523K, capacity 775K, committed 896K, reserved 516096K
}
Event: 22.172 GC heap after
{Heap after GC invocations=2 (full 0):
 garbage-first heap   total 63488K, used 10266K [0x0000000080000000, 0x0000000100000000)
  region size 1024K, 1 young (1024K), 1 survivors (1024K)
 Metaspace       used 4321K, capacity 6681K, committed 7040K, reserved 524288K
  class space    used 523K, capacity 775K, committed 896K, reserved 516096K
}
Event: 31.120 GC heap before
{Heap before GC invocations=2 (full 0):
 garbage-first heap   total 63488K, used 34842K [0x0000000080000000, 0x0000000100000000)
  region size 1024K, 25 young (25600K), 1 survivors (1024K)
 Metaspace       used 4464K, capacity 6751K, committed 7040K, reserved 524288K
  class space    used 530K, capacity 777K, committed 896K, reserved 516096K
}
Event: 31.126 GC heap after
{Heap after GC invocations=3 (full 0):
 garbage-first heap   total 63488K, used 14336K [0x0000000080000000, 0x0000000100000000)
  region size 1024K, 4 young (4096K), 4 survivors (4096K)
 Metaspace       used 4464K, capacity 6751K, committed 7040K, reserved 524288K
  class space    used 530K, capacity 777K, committed 896K, reserved 516096K
}
Event: 36.564 GC heap before
{Heap before GC invocations=3 (full 0):
 garbage-first heap   total 63488K, used 40960K [0x0000000080000000, 0x0000000100000000)
  region size 1024K, 30 young (30720K), 4 survivors (4096K)
 Metaspace       used 10710K, capacity 10994K, committed 11136K, reserved 526336K
  class space    used 1461K, capacity 1573K, committed 1664K, reserved 516096K
}
Event: 36.570 GC heap after
{Heap after GC invocations=4 (full 0):
 garbage-first heap   total 63488K, used 17163K [0x0000000080000000, 0x0000000100000000)
  region size 1024K, 3 young (3072K), 3 survivors (3072K)
 Metaspace       used 10710K, capacity 10994K, committed 11136K, reserved 526336K
  class space    used 1461K, capacity 1573K, committed 1664K, reserved 516096K
}
Event: 37.664 GC heap before
{Heap before GC invocations=4 (full 0):
 garbage-first heap   total 63488K, used 42763K [0x0000000080000000, 0x0000000100000000)
  region size 1024K, 28 young (28672K), 3 survivors (3072K)
 Metaspace       used 15016K, capacity 15426K, committed 15616K, reserved 530432K
  class space    used 2117K, capacity 2264K, committed 2304K, reserved 516096K
}
Event: 37.670 GC heap after
{Heap after GC invocations=5 (full 0):
 garbage-first heap   total 63488K, used 18656K [0x0000000080000000, 0x0000000100000000)
  region size 1024K, 2 young (2048K), 2 survivors (2048K)
 Metaspace       used 15016K, capacity 15426K, committed 15616K, reserved 530432K
  class space    used 2117K, capacity 2264K, committed 2304K, reserved 516096K
}
Event: 39.223 GC heap before
{Heap before GC invocations=5 (full 0):
 garbage-first heap   total 63488K, used 43232K [0x0000000080000000, 0x0000000100000000)
  region size 1024K, 27 young (27648K), 2 survivors (2048K)
 Metaspace       used 19309K, capacity 19705K, committed 19840K, reserved 534528K
  class space    used 2756K, capacity 2898K, committed 2944K, reserved 516096K
}
Event: 39.237 GC heap after
{Heap after GC invocations=6 (full 0):
 garbage-first heap   total 63488K, used 20035K [0x0000000080000000, 0x0000000100000000)
  region size 1024K, 3 young (3072K), 3 survivors (3072K)
 Metaspace       used 19309K, capacity 19705K, committed 19840K, reserved 534528K
  class space    used 2756K, capacity 2898K, committed 2944K, reserved 516096K
}
Event: 40.438 GC heap before
{Heap before GC invocations=6 (full 0):
 garbage-first heap   total 63488K, used 30275K [0x0000000080000000, 0x0000000100000000)
  region size 1024K, 14 young (14336K), 3 survivors (3072K)
 Metaspace       used 20813K, capacity 21148K, committed 21296K, reserved 534528K
  class space    used 2989K, capacity 3123K, committed 3200K, reserved 516096K
}
Event: 40.443 GC heap after
{Heap after GC invocations=7 (full 0):
 garbage-first heap   total 63488K, used 20671K [0x0000000080000000, 0x0000000100000000)
  region size 1024K, 3 young (3072K), 3 survivors (3072K)
 Metaspace       used 20813K, capacity 21148K, committed 21296K, reserved 534528K
  class space    used 2989K, capacity 3123K, committed 3200K, reserved 516096K
}
Event: 41.928 GC heap before
{Heap before GC invocations=8 (full 0):
 garbage-first heap   total 63488K, used 46271K [0x0000000080000000, 0x0000000100000000)
  region size 1024K, 29 young (29696K), 3 survivors (3072K)
 Metaspace       used 25007K, capacity 25428K, committed 25776K, reserved 538624K
  class space    used 3568K, capacity 3718K, committed 3840K, reserved 516096K
}
Event: 41.945 GC heap after
{Heap after GC invocations=9 (full 0):
 garbage-first heap   total 63488K, used 22301K [0x0000000080000000, 0x0000000100000000)
  region size 1024K, 4 young (4096K), 4 survivors (4096K)
 Metaspace       used 25007K, capacity 25428K, committed 25776K, reserved 538624K
  class space    used 3568K, capacity 3718K, committed 3840K, reserved 516096K
}
Event: 43.030 GC heap before
{Heap before GC invocations=9 (full 0):
 garbage-first heap   total 63488K, used 47901K [0x0000000080000000, 0x0000000100000000)
  region size 1024K, 30 young (30720K), 4 survivors (4096K)
 Metaspace       used 29032K, capacity 29465K, committed 29744K, reserved 542720K
  class space    used 3968K, capacity 4106K, committed 4224K, reserved 516096K
}
Event: 43.040 GC heap after
{Heap after GC invocations=10 (full 0):
 garbage-first heap   total 63488K, used 26072K [0x0000000080000000, 0x0000000100000000)
  region size 1024K, 4 young (4096K), 4 survivors (4096K)
 Metaspace       used 29032K, capacity 29465K, committed 29744K, reserved 542720K
  class space    used 3968K, capacity 4106K, committed 4224K, reserved 516096K
}

Deoptimization events (20 events):
Event: 45.590 Thread 0x000001b6acb68300 Uncommon trap: trap_request=0xffffffc6 fr.pc=0x000001b69b085fec relative=0x000000000000012c
Event: 45.590 Thread 0x000001b6acb68300 Uncommon trap: reason=bimorphic_or_optimized_type_check action=maybe_recompile pc=0x000001b69b085fec method=java.util.stream.ReferencePipeline.forEachWithCancel(Ljava/util/Spliterator;Ljava/util/stream/Sink;)Z @ 1 c2
Event: 45.590 Thread 0x000001b6acb68300 DEOPT PACKING pc=0x000001b69b085fec sp=0x0000006529ef8900
Event: 45.590 Thread 0x000001b6acb68300 DEOPT UNPACKING pc=0x000001b69345e42f sp=0x0000006529ef8880 mode 2
Event: 45.665 Thread 0x000001b6acb68300 Uncommon trap: trap_request=0xffffff45 fr.pc=0x000001b69b092d08 relative=0x0000000000005e88
Event: 45.665 Thread 0x000001b6acb68300 Uncommon trap: reason=unstable_if action=reinterpret pc=0x000001b69b092d08 method=java.net.URLClassLoader.defineClass(Ljava/lang/String;Ljdk/internal/loader/Resource;)Ljava/lang/Class; @ 21 c2
Event: 45.665 Thread 0x000001b6acb68300 DEOPT PACKING pc=0x000001b69b092d08 sp=0x0000006529efa140
Event: 45.665 Thread 0x000001b6acb68300 DEOPT UNPACKING pc=0x000001b69345e42f sp=0x0000006529ef9f20 mode 2
Event: 45.668 Thread 0x000001b6acb68300 Uncommon trap: trap_request=0xffffff45 fr.pc=0x000001b69b00a5bc relative=0x00000000000006fc
Event: 45.668 Thread 0x000001b6acb68300 Uncommon trap: reason=unstable_if action=reinterpret pc=0x000001b69b00a5bc method=java.lang.Class.getPackageName()Ljava/lang/String; @ 55 c2
Event: 45.668 Thread 0x000001b6acb68300 DEOPT PACKING pc=0x000001b69b00a5bc sp=0x0000006529ef9cf0
Event: 45.668 Thread 0x000001b6acb68300 DEOPT UNPACKING pc=0x000001b69345e42f sp=0x0000006529ef9cb0 mode 2
Event: 45.759 Thread 0x000001b6acb68300 Uncommon trap: trap_request=0xffffffde fr.pc=0x000001b69b079f50 relative=0x0000000000000470
Event: 45.760 Thread 0x000001b6acb68300 Uncommon trap: reason=class_check action=maybe_recompile pc=0x000001b69b079f50 method=java.util.regex.Pattern$Start.match(Ljava/util/regex/Matcher;ILjava/lang/CharSequence;)Z @ 44 c2
Event: 45.760 Thread 0x000001b6acb68300 DEOPT PACKING pc=0x000001b69b079f50 sp=0x0000006529ef84f0
Event: 45.760 Thread 0x000001b6acb68300 DEOPT UNPACKING pc=0x000001b69345e42f sp=0x0000006529ef83b8 mode 2
Event: 45.760 Thread 0x000001b6acb68300 Uncommon trap: trap_request=0xffffffde fr.pc=0x000001b69b079f50 relative=0x0000000000000470
Event: 45.760 Thread 0x000001b6acb68300 Uncommon trap: reason=class_check action=maybe_recompile pc=0x000001b69b079f50 method=java.util.regex.Pattern$Start.match(Ljava/util/regex/Matcher;ILjava/lang/CharSequence;)Z @ 44 c2
Event: 45.760 Thread 0x000001b6acb68300 DEOPT PACKING pc=0x000001b69b079f50 sp=0x0000006529ef84f0
Event: 45.760 Thread 0x000001b6acb68300 DEOPT UNPACKING pc=0x000001b69345e42f sp=0x0000006529ef83b8 mode 2

Classes unloaded (0 events):
No events

Classes redefined (0 events):
No events

Internal exceptions (20 events):
Event: 45.744 Thread 0x000001b6acb68300 Exception <a 'java/lang/ClassNotFoundException'{0x00000000832de480}: settings_esq4tkxvequlps3yq7n9sn685BeanInfo> (0x00000000832de480) 
thrown [./open/src/hotspot/share/classfile/systemDictionary.cpp, line 295]
Event: 45.745 Thread 0x000001b6acb68300 Exception <a 'java/lang/ClassNotFoundException'{0x00000000832e8748}: org/gradle/initialization/SettingsScriptBeanInfo> (0x00000000832e8748) 
thrown [./open/src/hotspot/share/classfile/systemDictionary.cpp, line 295]
Event: 45.745 Thread 0x000001b6acb68300 Exception <a 'java/lang/ClassNotFoundException'{0x00000000832f2df8}: org/gradle/plugin/use/internal/PluginsAwareScriptBeanInfo> (0x00000000832f2df8) 
thrown [./open/src/hotspot/share/classfile/systemDictionary.cpp, line 295]
Event: 45.745 Thread 0x000001b6acb68300 Exception <a 'java/lang/ClassNotFoundException'{0x00000000832fd3b0}: org/gradle/groovy/scripts/DefaultScriptBeanInfo> (0x00000000832fd3b0) 
thrown [./open/src/hotspot/share/classfile/systemDictionary.cpp, line 295]
Event: 45.746 Thread 0x000001b6acb68300 Exception <a 'java/lang/ClassNotFoundException'{0x0000000083107de0}: org/gradle/groovy/scripts/BasicScriptBeanInfo> (0x0000000083107de0) 
thrown [./open/src/hotspot/share/classfile/systemDictionary.cpp, line 295]
Event: 45.746 Thread 0x000001b6acb68300 Exception <a 'java/lang/ClassNotFoundException'{0x00000000831122e0}: org/gradle/groovy/scripts/ScriptBeanInfo> (0x00000000831122e0) 
thrown [./open/src/hotspot/share/classfile/systemDictionary.cpp, line 295]
Event: 45.746 Thread 0x000001b6acb68300 Exception <a 'java/lang/ClassNotFoundException'{0x0000000083129718}: groovy/lang/ScriptBeanInfo> (0x0000000083129718) 
thrown [./open/src/hotspot/share/classfile/systemDictionary.cpp, line 295]
Event: 45.747 Thread 0x000001b6acb68300 Exception <a 'java/lang/ClassNotFoundException'{0x0000000083140b40}: groovy/lang/ScriptCustomizer> (0x0000000083140b40) 
thrown [./open/src/hotspot/share/classfile/systemDictionary.cpp, line 295]
Event: 45.748 Thread 0x000001b6acb68300 Exception <a 'java/lang/ClassNotFoundException'{0x0000000083152c28}: org/gradle/groovy/scripts/ScriptCustomizer> (0x0000000083152c28) 
thrown [./open/src/hotspot/share/classfile/systemDictionary.cpp, line 295]
Event: 45.752 Thread 0x000001b6acb68300 Exception <a 'java/lang/ClassNotFoundException'{0x0000000083163e70}: org/gradle/groovy/scripts/BasicScriptCustomizer> (0x0000000083163e70) 
thrown [./open/src/hotspot/share/classfile/systemDictionary.cpp, line 295]
Event: 45.758 Thread 0x000001b6acb68300 Exception <a 'java/lang/ClassNotFoundException'{0x000000008317a990}: org/gradle/groovy/scripts/DefaultScriptCustomizer> (0x000000008317a990) 
thrown [./open/src/hotspot/share/classfile/systemDictionary.cpp, line 295]
Event: 45.764 Thread 0x000001b6acb68300 Exception <a 'java/lang/ClassNotFoundException'{0x00000000831a22a0}: org/gradle/plugin/use/internal/PluginsAwareScriptCustomizer> (0x00000000831a22a0) 
thrown [./open/src/hotspot/share/classfile/systemDictionary.cpp, line 295]
Event: 45.765 Thread 0x000001b6acb68300 Exception <a 'java/lang/ClassNotFoundException'{0x00000000831b48a0}: org/gradle/initialization/SettingsScriptCustomizer> (0x00000000831b48a0) 
thrown [./open/src/hotspot/share/classfile/systemDictionary.cpp, line 295]
Event: 45.766 Thread 0x000001b6acb68300 Exception <a 'java/lang/ClassNotFoundException'{0x00000000831c1a78}: settings_esq4tkxvequlps3yq7n9sn685Customizer> (0x00000000831c1a78) 
thrown [./open/src/hotspot/share/classfile/systemDictionary.cpp, line 295]
Event: 45.821 Thread 0x000001b6acb68300 Exception <a 'java/lang/ClassNotFoundException'{0x00000000830c6d98}: org/gradle/initialization/DefaultSettings_DecoratedBeanInfo> (0x00000000830c6d98) 
thrown [./open/src/hotspot/share/classfile/systemDictionary.cpp, line 295]
Event: 45.822 Thread 0x000001b6acb68300 Exception <a 'java/lang/ClassNotFoundException'{0x00000000830d56f0}: org/gradle/initialization/DefaultSettingsBeanInfo> (0x00000000830d56f0) 
thrown [./open/src/hotspot/share/classfile/systemDictionary.cpp, line 295]
Event: 45.823 Thread 0x000001b6acb68300 Exception <a 'java/lang/ClassNotFoundException'{0x00000000830e4e88}: org/gradle/api/internal/project/AbstractPluginAwareBeanInfo> (0x00000000830e4e88) 
thrown [./open/src/hotspot/share/classfile/systemDictionary.cpp, line 295]
Event: 45.823 Thread 0x000001b6acb68300 Exception <a 'java/lang/ClassNotFoundException'{0x00000000830f3f08}: org/gradle/api/internal/project/AbstractPluginAwareCustomizer> (0x00000000830f3f08) 
thrown [./open/src/hotspot/share/classfile/systemDictionary.cpp, line 295]
Event: 45.825 Thread 0x000001b6acb68300 Exception <a 'java/lang/ClassNotFoundException'{0x0000000082f08938}: org/gradle/initialization/DefaultSettingsCustomizer> (0x0000000082f08938) 
thrown [./open/src/hotspot/share/classfile/systemDictionary.cpp, line 295]
Event: 45.830 Thread 0x000001b6acb68300 Exception <a 'java/lang/ClassNotFoundException'{0x0000000082f44b80}: org/gradle/initialization/DefaultSettings_DecoratedCustomizer> (0x0000000082f44b80) 
thrown [./open/src/hotspot/share/classfile/systemDictionary.cpp, line 295]

Events (20 events):
Event: 43.922 loading class java/nio/charset/CharacterCodingException done
Event: 44.055 Executing VM operation: HandshakeAllThreads
Event: 44.055 Executing VM operation: HandshakeAllThreads done
Event: 45.591 Thread 0x000001b6af58b870 Thread added: 0x000001b6af58b870
Event: 45.651 Executing VM operation: HandshakeAllThreads
Event: 45.651 Executing VM operation: HandshakeAllThreads done
Event: 45.692 loading class java/util/stream/Streams$RangeIntSpliterator
Event: 45.692 loading class java/util/stream/Streams$RangeIntSpliterator done
Event: 45.708 loading class java/util/stream/IntPipeline$1
Event: 45.708 loading class java/util/stream/IntPipeline$1 done
Event: 45.708 loading class java/util/stream/Nodes$FixedNodeBuilder
Event: 45.708 loading class java/util/stream/Nodes$ArrayNode
Event: 45.709 loading class java/util/stream/Nodes$ArrayNode done
Event: 45.709 loading class java/util/stream/Nodes$FixedNodeBuilder done
Event: 45.709 loading class java/util/stream/IntPipeline$1$1
Event: 45.709 loading class java/util/stream/IntPipeline$1$1 done
Event: 45.783 loading class java/util/concurrent/LinkedBlockingDeque$Itr
Event: 45.783 loading class java/util/concurrent/LinkedBlockingDeque$AbstractItr
Event: 45.785 loading class java/util/concurrent/LinkedBlockingDeque$AbstractItr done
Event: 45.785 loading class java/util/concurrent/LinkedBlockingDeque$Itr done


Dynamic libraries:
0x00007ff665ba0000 - 0x00007ff665baf000 	C:\Program Files\Java\jdk-15.0.2\bin\java.exe
0x00007ff920fd0000 - 0x00007ff9211e7000 	C:\WINDOWS\SYSTEM32\ntdll.dll
0x00007ff91fc00000 - 0x00007ff91fcc4000 	C:\WINDOWS\System32\KERNEL32.DLL
0x00007ff91e610000 - 0x00007ff91e9bd000 	C:\WINDOWS\System32\KERNELBASE.dll
0x00007ff91e300000 - 0x00007ff91e411000 	C:\WINDOWS\System32\ucrtbase.dll
0x00007ff8cfda0000 - 0x00007ff8cfdb8000 	C:\Program Files\Java\jdk-15.0.2\bin\jli.dll
0x00007ff91f890000 - 0x00007ff91f942000 	C:\WINDOWS\System32\ADVAPI32.dll
0x00007ff8d3c40000 - 0x00007ff8d3c59000 	C:\Program Files\Java\jdk-15.0.2\bin\VCRUNTIME140.dll
0x00007ff9205c0000 - 0x00007ff920667000 	C:\WINDOWS\System32\msvcrt.dll
0x00007ff91ed10000 - 0x00007ff91edb9000 	C:\WINDOWS\System32\sechost.dll
0x00007ff91e530000 - 0x00007ff91e558000 	C:\WINDOWS\System32\bcrypt.dll
0x00007ff920b10000 - 0x00007ff920c24000 	C:\WINDOWS\System32\RPCRT4.dll
0x00007ff91f6e0000 - 0x00007ff91f88e000 	C:\WINDOWS\System32\USER32.dll
0x00007ff91e5e0000 - 0x00007ff91e606000 	C:\WINDOWS\System32\win32u.dll
0x00007ff920f20000 - 0x00007ff920f49000 	C:\WINDOWS\System32\GDI32.dll
0x00007ff91ebf0000 - 0x00007ff91ed09000 	C:\WINDOWS\System32\gdi32full.dll
0x00007ff91e420000 - 0x00007ff91e4ba000 	C:\WINDOWS\System32\msvcp_win.dll
0x00007ff902d90000 - 0x00007ff903023000 	C:\WINDOWS\WinSxS\amd64_microsoft.windows.common-controls_6595b64144ccf1df_6.0.22621.3672_none_2713b9d173822955\COMCTL32.dll
0x00007ff90c410000 - 0x00007ff90c41a000 	C:\WINDOWS\SYSTEM32\VERSION.dll
0x00007ff920f50000 - 0x00007ff920f81000 	C:\WINDOWS\System32\IMM32.DLL
0x00007ff8eb3f0000 - 0x00007ff8eb3fc000 	C:\Program Files\Java\jdk-15.0.2\bin\vcruntime140_1.dll
0x00007ff89f0e0000 - 0x00007ff89f171000 	C:\Program Files\Java\jdk-15.0.2\bin\msvcp140.dll
0x00007ff895b30000 - 0x00007ff89668e000 	C:\Program Files\Java\jdk-15.0.2\bin\server\jvm.dll
0x00007ff91f5f0000 - 0x00007ff91f5f8000 	C:\WINDOWS\System32\PSAPI.DLL
0x00007ff915ab0000 - 0x00007ff915ae4000 	C:\WINDOWS\SYSTEM32\WINMM.dll
0x00007ff915a30000 - 0x00007ff915a39000 	C:\WINDOWS\SYSTEM32\WSOCK32.dll
0x00007ff91fcd0000 - 0x00007ff91fd41000 	C:\WINDOWS\System32\WS2_32.dll
0x00007ff91d420000 - 0x00007ff91d438000 	C:\WINDOWS\SYSTEM32\kernel.appcore.dll
0x00007ff8eaea0000 - 0x00007ff8eaeaa000 	C:\Program Files\Java\jdk-15.0.2\bin\jimage.dll
0x00007ff91b630000 - 0x00007ff91b862000 	C:\WINDOWS\SYSTEM32\DBGHELP.DLL
0x00007ff91f080000 - 0x00007ff91f408000 	C:\WINDOWS\System32\combase.dll
0x00007ff91f600000 - 0x00007ff91f6d7000 	C:\WINDOWS\System32\OLEAUT32.dll
0x00007ff915a70000 - 0x00007ff915aa2000 	C:\WINDOWS\SYSTEM32\dbgcore.DLL
0x00007ff91e560000 - 0x00007ff91e5db000 	C:\WINDOWS\System32\bcryptPrimitives.dll
0x00007ff8c5000000 - 0x00007ff8c5025000 	C:\Program Files\Java\jdk-15.0.2\bin\java.dll
0x00007ff91fd60000 - 0x00007ff9205bf000 	C:\WINDOWS\System32\SHELL32.dll
0x00007ff91c260000 - 0x00007ff91cb5c000 	C:\WINDOWS\SYSTEM32\windows.storage.dll
0x00007ff91c120000 - 0x00007ff91c25f000 	C:\WINDOWS\SYSTEM32\wintypes.dll
0x00007ff91f950000 - 0x00007ff91fa44000 	C:\WINDOWS\System32\SHCORE.dll
0x00007ff91edc0000 - 0x00007ff91ee1e000 	C:\WINDOWS\System32\shlwapi.dll
0x00007ff91e230000 - 0x00007ff91e251000 	C:\WINDOWS\SYSTEM32\profapi.dll
0x00007ff8cb220000 - 0x00007ff8cb239000 	C:\Program Files\Java\jdk-15.0.2\bin\net.dll
0x00007ff913050000 - 0x00007ff913186000 	C:\WINDOWS\SYSTEM32\WINHTTP.dll
0x00007ff91d890000 - 0x00007ff91d8f9000 	C:\WINDOWS\system32\mswsock.dll
0x00007ff8c4fe0000 - 0x00007ff8c4ff2000 	C:\Program Files\Java\jdk-15.0.2\bin\nio.dll
0x00007ff8c4fc0000 - 0x00007ff8c4fd8000 	C:\Program Files\Java\jdk-15.0.2\bin\zip.dll
0x00007ff8e9950000 - 0x00007ff8e9960000 	C:\Program Files\Java\jdk-15.0.2\bin\verify.dll
0x00007ff8cb470000 - 0x00007ff8cb497000 	C:\Users\mayan\.gradle\native\e1d6ef7f7dcc3fd88c89a11ec53ec762bb8ba0a96d01ffa2cd45eb1d1d8dd5c5\windows-amd64\native-platform.dll
0x00007ff89cfe0000 - 0x00007ff89d124000 	C:\Users\mayan\.gradle\native\0d407fdbe67a94daf76414ababcb853783967236a71b16ec16e742cd7a986fd3\windows-amd64\native-platform-file-events.dll
0x00007ff8e9870000 - 0x00007ff8e9879000 	C:\Program Files\Java\jdk-15.0.2\bin\management.dll
0x00007ff8e9580000 - 0x00007ff8e958b000 	C:\Program Files\Java\jdk-15.0.2\bin\management_ext.dll
0x00007ff91db00000 - 0x00007ff91db1b000 	C:\WINDOWS\SYSTEM32\CRYPTSP.dll
0x00007ff91d380000 - 0x00007ff91d3b5000 	C:\WINDOWS\system32\rsaenh.dll
0x00007ff91d990000 - 0x00007ff91d9b8000 	C:\WINDOWS\SYSTEM32\USERENV.dll
0x00007ff91daf0000 - 0x00007ff91dafc000 	C:\WINDOWS\SYSTEM32\CRYPTBASE.dll
0x00007ff91cdb0000 - 0x00007ff91cddd000 	C:\WINDOWS\SYSTEM32\IPHLPAPI.DLL
0x00007ff91ef10000 - 0x00007ff91ef19000 	C:\WINDOWS\System32\NSI.dll
0x00007ff913330000 - 0x00007ff913349000 	C:\WINDOWS\SYSTEM32\dhcpcsvc6.DLL
0x00007ff913030000 - 0x00007ff91304f000 	C:\WINDOWS\SYSTEM32\dhcpcsvc.DLL
0x00007ff91cde0000 - 0x00007ff91ced8000 	C:\WINDOWS\SYSTEM32\DNSAPI.dll

dbghelp: loaded successfully - version: 4.0.5 - missing functions: none
symbol engine: initialized successfully - sym options: 0x614 - pdb path: .;C:\Program Files\Java\jdk-15.0.2\bin;C:\WINDOWS\SYSTEM32;C:\WINDOWS\WinSxS\amd64_microsoft.windows.common-controls_6595b64144ccf1df_6.0.22621.3672_none_2713b9d173822955;C:\Program Files\Java\jdk-15.0.2\bin\server;C:\Users\mayan\.gradle\native\e1d6ef7f7dcc3fd88c89a11ec53ec762bb8ba0a96d01ffa2cd45eb1d1d8dd5c5\windows-amd64;C:\Users\mayan\.gradle\native\0d407fdbe67a94daf76414ababcb853783967236a71b16ec16e742cd7a986fd3\windows-amd64

VM Arguments:
jvm_args: -XX:MaxMetaspaceSize=512m --add-opens=java.base/java.util=ALL-UNNAMED --add-opens=java.base/java.lang=ALL-UNNAMED --add-opens=java.base/java.lang.invoke=ALL-UNNAMED --add-opens=java.base/java.util=ALL-UNNAMED --add-opens=java.prefs/java.util.prefs=ALL-UNNAMED --add-opens=java.prefs/java.util.prefs=ALL-UNNAMED --add-opens=java.base/java.nio.charset=ALL-UNNAMED --add-opens=java.base/java.net=ALL-UNNAMED --add-opens=java.base/java.util.concurrent.atomic=ALL-UNNAMED -Xmx2048m -Dfile.encoding=windows-1252 -Duser.country=IN -Duser.language=en -Duser.variant 
java_command: org.gradle.launcher.daemon.bootstrap.GradleDaemon 7.5.1
java_class_path (initial): C:\Users\mayan\.gradle\wrapper\dists\gradle-7.5.1-all\1ehga6e77gqps5uk2kc5kf1vc\gradle-7.5.1\lib\gradle-launcher-7.5.1.jar
Launcher Type: SUN_STANDARD

[Global flags]
     intx CICompilerCount                          = 4                                         {product} {ergonomic}
   size_t CompressedClassSpaceSize                 = 528482304                                 {product} {ergonomic}
     uint ConcGCThreads                            = 2                                         {product} {ergonomic}
     uint G1ConcRefinementThreads                  = 8                                         {product} {ergonomic}
   size_t G1HeapRegionSize                         = 1048576                                   {product} {ergonomic}
    uintx GCDrainStackTargetSize                   = 64                                        {product} {ergonomic}
   size_t InitialHeapSize                          = 65011712                                  {product} {ergonomic}
   size_t MarkStackSize                            = 4194304                                   {product} {ergonomic}
   size_t MaxHeapSize                              = 2147483648                                {product} {command line}
   size_t MaxMetaspaceSize                         = 536870912                                 {product} {command line}
   size_t MaxNewSize                               = 1287651328                                {product} {ergonomic}
   size_t MinHeapDeltaBytes                        = 1048576                                   {product} {ergonomic}
   size_t MinHeapSize                              = 8388608                                   {product} {ergonomic}
    uintx NonNMethodCodeHeapSize                   = 5839372                                {pd product} {ergonomic}
    uintx NonProfiledCodeHeapSize                  = 122909434                              {pd product} {ergonomic}
    uintx ProfiledCodeHeapSize                     = 122909434                              {pd product} {ergonomic}
    uintx ReservedCodeCacheSize                    = 251658240                              {pd product} {ergonomic}
     bool SegmentedCodeCache                       = true                                      {product} {ergonomic}
   size_t SoftMaxHeapSize                          = 2147483648                             {manageable} {ergonomic}
     bool UseCompressedClassPointers               = true                                 {lp64_product} {ergonomic}
     bool UseCompressedOops                        = true                                 {lp64_product} {ergonomic}
     bool UseG1GC                                  = true                                      {product} {ergonomic}
     bool UseLargePagesIndividualAllocation        = false                                  {pd product} {ergonomic}

Logging:
Log output configuration:
 #0: stdout all=warning uptime,level,tags
 #1: stderr all=off uptime,level,tags

Environment Variables:
CLASSPATH=D:\Project\ExpenseTracker\ExpenseTrackerFrontend\android\\gradle\wrapper\gradle-wrapper.jar
PATH=D:\Project\ExpenseTracker\ExpenseTrackerFrontend\android\node_modules\.bin;D:\Project\ExpenseTracker\ExpenseTrackerFrontend\node_modules\.bin;D:\Project\ExpenseTracker\node_modules\.bin;D:\Project\node_modules\.bin;D:\node_modules\.bin;C:\Program Files\nodejs;D:\Project\ExpenseTracker\ExpenseTrackerFrontend\node_modules\.bin;D:\Project\ExpenseTracker\ExpenseTrackerFrontend\node_modules\.bin;D:\Project\ExpenseTracker\node_modules\.bin;D:\Project\node_modules\.bin;D:\node_modules\.bin;C:\Users\mayan\AppData\Roaming\nvm\v19.0.1\node_modules\npm\node_modules\@npmcli\run-script\lib\node-gyp-bin;D:\Project\ExpenseTracker\ExpenseTrackerFrontend\node_modules\.bin;D:\Project\ExpenseTracker\node_modules\.bin;D:\Project\node_modules\.bin;D:\node_modules\.bin;C:\Program Files\nodejs;D:\Project\ExpenseTracker\ExpenseTrackerFrontend\node_modules\react-native\scripts\node_modules\.bin;D:\Project\ExpenseTracker\ExpenseTrackerFrontend\node_modules\react-native\node_modules\.bin;D:\Project\ExpenseTracker\ExpenseTrackerFrontend\node_modules\node_modules\.bin;D:\Project\ExpenseTracker\ExpenseTrackerFrontend\node_modules\.bin;D:\Project\ExpenseTracker\node_modules\.bin;D:\Project\node_modules\.bin;D:\node_modules\.bin;C:\Program Files\nodejs;D:\Project\ExpenseTracker\ExpenseTrackerFrontend\node_modules\.bin;D:\Project\ExpenseTracker\ExpenseTrackerFrontend\node_modules\.bin;D:\Project\ExpenseTracker\node_modules\.bin;D:\Project\node_modules\.bin;D:\node_modules\.bin;C:\Users\mayan\AppData\Roaming\nvm\v19.0.1\node_modules\npm\node_modules\@npmcli\run-script\lib\node-gyp-bin;C:\Program Files\Common Files\Oracle\Java\javapath;C:\Windows\system32;C:\Windows;C:\Windows\System32\Wbem;C:\Windows\System32\WindowsPowerShell\v1.0\;C:\Windows\System32\OpenSSH\;C:\Program Files (x86)\NVIDIA Corporation\PhysX\Common;C:\Program Files\NVIDIA Corporation\NVIDIA NvDLISR;C:\MinGW\bin;C:\Program Files\Java\jdk-15.0.2\bin;C:\Program Files\Git\cmd;C:\Program Files\Java\jdk-9.0.1\bin;C:\WINDOWS\system32;C:\
USERNAME=mayank
LANG=en_US.UTF-8
OS=Windows_NT
PROCESSOR_IDENTIFIER=Intel64 Family 6 Model 165 Stepping 2, GenuineIntel



---------------  S Y S T E M  ---------------

OS:
 Windows 10 , 64 bit Build 22621 (10.0.22621.3672)
OS uptime: 1 days 1:23 hours

CPU: total 8 (initial active 8) (4 cores per cpu, 2 threads per core) family 6 model 165 stepping 2 microcode 0xf8, cmov, cx8, fxsr, mmx, sse, sse2, sse3, ssse3, sse4.1, sse4.2, popcnt, vzeroupper, avx, avx2, aes, clmul, erms, 3dnowpref, lzcnt, ht, tsc, tscinvbit, bmi1, bmi2, adx, fma, clflush, clflushopt

Memory: 4k page, system-wide physical 3889M (38M free)
TotalPageFile size 15665M (AvailPageFile size 69M)
current process WorkingSet (physical memory assigned to process): 153M, peak: 170M
current process commit charge ("private bytes"): 231M, peak: 239M

vm_info: Java HotSpot(TM) 64-Bit Server VM (15.0.2+7-27) for windows-amd64 JRE (15.0.2+7-27), built on Dec  7 2020 20:07:01 by "mach5one" with unknown MS VC++:1925

END.
